<?xml version="1.0" encoding="UTF-8"?>
<testsuite xmlns:xsi="http://www.w3.org/2001/XMLSchema-instance" xsi:noNamespaceSchemaLocation="https://maven.apache.org/surefire/maven-surefire-plugin/xsd/surefire-test-report-3.0.xsd" version="3.0" name="com.api.automation.tests.PutTest" time="4.066" tests="5" errors="0" skipped="0" failures="0">
  <properties>
[...]
</properties>
  <testcase name="testUpdatePostFieldValidation" classname="com.api.automation.tests.PutTest" time="0.798">
    <system-out><![CDATA[Request method:	PUT
Request URI:	https://jsonplaceholder.typicode.com/posts/1
Proxy:			<none>
Request params:	<none>
Query params:	<none>
Form params:	<none>
Path params:	<none>
Headers:		Accept=*/*
				Content-Type=application/json
Cookies:		<none>
Multiparts:		<none>
Body:
{
    "id": 1,
    "title": "updated title",
    "body": "updated body",
    "userId": 1
}
Request method:	PUT
Request URI:	https://jsonplaceholder.typicode.com/posts/1
Proxy:			<none>
Request params:	<none>
Query params:	<none>
Form params:	<none>
Path params:	<none>
Headers:		Accept=*/*
				Content-Type=application/json
Cookies:		<none>
Multiparts:		<none>
Body:
{
    "id": 1,
    "title": "updated title",
    "body": "updated body",
    "userId": 1
}
Request method:	PUT
Request URI:	https://jsonplaceholder.typicode.com/posts/1
Proxy:			<none>
Request params:	<none>
Query params:	<none>
Form params:	<none>
Path params:	<none>
Headers:		Accept=*/*
				Content-Type=application/json
Cookies:		<none>
Multiparts:		<none>
Body:
{
    "id": 1,
    "title": "updated title",
    "body": "updated body",
    "userId": 1
}
Request method:	PUT
Request URI:	https://jsonplaceholder.typicode.com/posts/1
Proxy:			<none>
Request params:	<none>
Query params:	<none>
Form params:	<none>
Path params:	<none>
Headers:		Accept=*/*
				Content-Type=application/json
Cookies:		<none>
Multiparts:		<none>
Body:
{
    "id": 1,
    "title": "updated title",
    "body": "updated body",
    "userId": 1
}
Request method:	PUT
Request URI:	https://jsonplaceholder.typicode.com/posts/1
Proxy:			<none>
Request params:	<none>
Query params:	<none>
Form params:	<none>
Path params:	<none>
Headers:		Accept=*/*
				Content-Type=application/json
Cookies:		<none>
Multiparts:		<none>
Body:
{
    "id": 1,
    "title": "updated title",
    "body": "updated body",
    "userId": 1
}
Request method:	PUT
Request URI:	https://jsonplaceholder.typicode.com/posts/1
Proxy:			<none>
Request params:	<none>
Query params:	<none>
Form params:	<none>
Path params:	<none>
Headers:		Accept=*/*
				Content-Type=application/json
Cookies:		<none>
Multiparts:		<none>
Body:
{
    "id": 1,
    "title": "updated title",
    "body": "updated body",
    "userId": 1
}
Request method:	PUT
Request URI:	https://jsonplaceholder.typicode.com/posts/1
Proxy:			<none>
Request params:	<none>
Query params:	<none>
Form params:	<none>
Path params:	<none>
Headers:		Accept=*/*
				Content-Type=application/json
Cookies:		<none>
Multiparts:		<none>
Body:
{
    "id": 1,
    "title": "updated title",
    "body": "updated body",
    "userId": 1
}
Request method:	PUT
Request URI:	https://jsonplaceholder.typicode.com/posts/1
Proxy:			<none>
Request params:	<none>
Query params:	<none>
Form params:	<none>
Path params:	<none>
Headers:		Accept=*/*
				Content-Type=application/json
Cookies:		<none>
Multiparts:		<none>
Body:
{
    "id": 1,
    "title": "updated title",
    "body": "updated body",
    "userId": 1
}
Request method:	PUT
Request URI:	https://jsonplaceholder.typicode.com/posts/1
Proxy:			<none>
Request params:	<none>
Query params:	<none>
Form params:	<none>
Path params:	<none>
Headers:		Accept=*/*
				Content-Type=application/json
Cookies:		<none>
Multiparts:		<none>
Body:
{
    "id": 1,
    "title": "updated title",
    "body": "updated body",
    "userId": 1
}
Request method:	PUT
Request URI:	https://jsonplaceholder.typicode.com/posts/1
Proxy:			<none>
Request params:	<none>
Query params:	<none>
Form params:	<none>
Path params:	<none>
Headers:		Accept=*/*
				Content-Type=application/json
Cookies:		<none>
Multiparts:		<none>
Body:
{
    "id": 1,
    "title": "updated title",
    "body": "updated body",
    "userId": 1
}
Request method:	PUT
Request URI:	https://jsonplaceholder.typicode.com/posts/1
Proxy:			<none>
Request params:	<none>
Query params:	<none>
Form params:	<none>
Path params:	<none>
Headers:		Accept=*/*
				Content-Type=application/json
Cookies:		<none>
Multiparts:		<none>
Body:
{
    "id": 1,
    "title": "updated title",
    "body": "updated body",
    "userId": 1
}
Request method:	PUT
Request URI:	https://jsonplaceholder.typicode.com/posts/1
Proxy:			<none>
Request params:	<none>
Query params:	<none>
Form params:	<none>
Path params:	<none>
Headers:		Accept=*/*
				Content-Type=application/json
Cookies:		<none>
Multiparts:		<none>
Body:
{
    "id": 1,
    "title": "updated title",
    "body": "updated body",
    "userId": 1
}
Request method:	PUT
Request URI:	https://jsonplaceholder.typicode.com/posts/1
Proxy:			<none>
Request params:	<none>
Query params:	<none>
Form params:	<none>
Path params:	<none>
Headers:		Accept=*/*
				Content-Type=application/json
Cookies:		<none>
Multiparts:		<none>
Body:
{
    "id": 1,
    "title": "updated title",
    "body": "updated body",
    "userId": 1
}
Request method:	PUT
Request URI:	https://jsonplaceholder.typicode.com/posts/1
Proxy:			<none>
Request params:	<none>
Query params:	<none>
Form params:	<none>
Path params:	<none>
Headers:		Accept=*/*
				Content-Type=application/json
Cookies:		<none>
Multiparts:		<none>
Body:
{
    "id": 1,
    "title": "updated title",
    "body": "updated body",
    "userId": 1
}
Request method:	PUT
Request URI:	https://jsonplaceholder.typicode.com/posts/1
Proxy:			<none>
Request params:	<none>
Query params:	<none>
Form params:	<none>
Path params:	<none>
Headers:		Accept=*/*
				Content-Type=application/json
Cookies:		<none>
Multiparts:		<none>
Body:
{
    "id": 1,
    "title": "updated title",
    "body": "updated body",
    "userId": 1
}
Request method:	PUT
Request URI:	https://jsonplaceholder.typicode.com/posts/1
Proxy:			<none>
Request params:	<none>
Query params:	<none>
Form params:	<none>
Path params:	<none>
Headers:		Accept=*/*
				Content-Type=application/json
Cookies:		<none>
Multiparts:		<none>
Body:
{
    "id": 1,
    "title": "updated title",
    "body": "updated body",
    "userId": 1
}
HTTP/1.1 200 OK
Date: Sat, 28 Feb 2026 19:32:17 GMT
Content-Type: application/json; charset=utf-8
Transfer-Encoding: chunked
Connection: keep-alive
access-control-allow-credentials: true
Cache-Control: no-cache
etag: W/"52-0I7uxqYXL4aP1JJOrUCQMsAEdy8"
expires: -1
nel: {"report_to":"heroku-nel","response_headers":["Via"],"max_age":3600,"success_fraction":0.01,"failure_fraction":0.1}
pragma: no-cache
report-to: {"group":"heroku-nel","endpoints":[{"url":"https://nel.heroku.com/reports?s=iNjsBsSxVuTzqHV0hzaGSHEXuSWpFa8APoDnLP4HPWE%3D\u0026sid=e11707d5-02a7-43ef-b45e-2cf4d2036f7d\u0026ts=1772307137"}],"max_age":3600}
reporting-endpoints: heroku-nel="https://nel.heroku.com/reports?s=iNjsBsSxVuTzqHV0hzaGSHEXuSWpFa8APoDnLP4HPWE%3D&sid=e11707d5-02a7-43ef-b45e-2cf4d2036f7d&ts=1772307137"
Server: cloudflare
vary: Origin, Accept-Encoding
via: 2.0 heroku-router
x-content-type-options: nosniff
x-powered-by: Express
x-ratelimit-limit: 1000
x-ratelimit-remaining: 991
x-ratelimit-reset: 1772307185
cf-cache-status: DYNAMIC
Content-Encoding: gzip
CF-RAY: 9d5258d9af0849c9-LHR
alt-svc: h3=":443"; ma=86400

{
    "id": 1,
    "title": "updated title",
    "body": "updated body",
    "userId": 1
}
HTTP/1.1 200 OK
Date: Sat, 28 Feb 2026 19:32:17 GMT
Content-Type: application/json; charset=utf-8
Transfer-Encoding: chunked
Connection: keep-alive
access-control-allow-credentials: true
Cache-Control: no-cache
etag: W/"52-0I7uxqYXL4aP1JJOrUCQMsAEdy8"
expires: -1
nel: {"report_to":"heroku-nel","response_headers":["Via"],"max_age":3600,"success_fraction":0.01,"failure_fraction":0.1}
pragma: no-cache
report-to: {"group":"heroku-nel","endpoints":[{"url":"https://nel.heroku.com/reports?s=iNjsBsSxVuTzqHV0hzaGSHEXuSWpFa8APoDnLP4HPWE%3D\u0026sid=e11707d5-02a7-43ef-b45e-2cf4d2036f7d\u0026ts=1772307137"}],"max_age":3600}
reporting-endpoints: heroku-nel="https://nel.heroku.com/reports?s=iNjsBsSxVuTzqHV0hzaGSHEXuSWpFa8APoDnLP4HPWE%3D&sid=e11707d5-02a7-43ef-b45e-2cf4d2036f7d&ts=1772307137"
Server: cloudflare
vary: Origin, Accept-Encoding
via: 2.0 heroku-router
x-content-type-options: nosniff
x-powered-by: Express
x-ratelimit-limit: 1000
x-ratelimit-remaining: 991
x-ratelimit-reset: 1772307185
cf-cache-status: DYNAMIC
Content-Encoding: gzip
CF-RAY: 9d5258d9af0849c9-LHR
alt-svc: h3=":443"; ma=86400

{
    "id": 1,
    "title": "updated title",
    "body": "updated body",
    "userId": 1
}
HTTP/1.1 200 OK
Date: Sat, 28 Feb 2026 19:32:17 GMT
Content-Type: application/json; charset=utf-8
Transfer-Encoding: chunked
Connection: keep-alive
access-control-allow-credentials: true
Cache-Control: no-cache
etag: W/"52-0I7uxqYXL4aP1JJOrUCQMsAEdy8"
expires: -1
nel: {"report_to":"heroku-nel","response_headers":["Via"],"max_age":3600,"success_fraction":0.01,"failure_fraction":0.1}
pragma: no-cache
report-to: {"group":"heroku-nel","endpoints":[{"url":"https://nel.heroku.com/reports?s=iNjsBsSxVuTzqHV0hzaGSHEXuSWpFa8APoDnLP4HPWE%3D\u0026sid=e11707d5-02a7-43ef-b45e-2cf4d2036f7d\u0026ts=1772307137"}],"max_age":3600}
reporting-endpoints: heroku-nel="https://nel.heroku.com/reports?s=iNjsBsSxVuTzqHV0hzaGSHEXuSWpFa8APoDnLP4HPWE%3D&sid=e11707d5-02a7-43ef-b45e-2cf4d2036f7d&ts=1772307137"
Server: cloudflare
vary: Origin, Accept-Encoding
via: 2.0 heroku-router
x-content-type-options: nosniff
x-powered-by: Express
x-ratelimit-limit: 1000
x-ratelimit-remaining: 991
x-ratelimit-reset: 1772307185
cf-cache-status: DYNAMIC
Content-Encoding: gzip
CF-RAY: 9d5258d9af0849c9-LHR
alt-svc: h3=":443"; ma=86400

{
    "id": 1,
    "title": "updated title",
    "body": "updated body",
    "userId": 1
}
HTTP/1.1 200 OK
Date: Sat, 28 Feb 2026 19:32:17 GMT
Content-Type: application/json; charset=utf-8
Transfer-Encoding: chunked
Connection: keep-alive
access-control-allow-credentials: true
Cache-Control: no-cache
etag: W/"52-0I7uxqYXL4aP1JJOrUCQMsAEdy8"
expires: -1
nel: {"report_to":"heroku-nel","response_headers":["Via"],"max_age":3600,"success_fraction":0.01,"failure_fraction":0.1}
pragma: no-cache
report-to: {"group":"heroku-nel","endpoints":[{"url":"https://nel.heroku.com/reports?s=iNjsBsSxVuTzqHV0hzaGSHEXuSWpFa8APoDnLP4HPWE%3D\u0026sid=e11707d5-02a7-43ef-b45e-2cf4d2036f7d\u0026ts=1772307137"}],"max_age":3600}
reporting-endpoints: heroku-nel="https://nel.heroku.com/reports?s=iNjsBsSxVuTzqHV0hzaGSHEXuSWpFa8APoDnLP4HPWE%3D&sid=e11707d5-02a7-43ef-b45e-2cf4d2036f7d&ts=1772307137"
Server: cloudflare
vary: Origin, Accept-Encoding
via: 2.0 heroku-router
x-content-type-options: nosniff
x-powered-by: Express
x-ratelimit-limit: 1000
x-ratelimit-remaining: 991
x-ratelimit-reset: 1772307185
cf-cache-status: DYNAMIC
Content-Encoding: gzip
CF-RAY: 9d5258d9af0849c9-LHR
alt-svc: h3=":443"; ma=86400

{
    "id": 1,
    "title": "updated title",
    "body": "updated body",
    "userId": 1
}
HTTP/1.1 200 OK
Date: Sat, 28 Feb 2026 19:32:17 GMT
Content-Type: application/json; charset=utf-8
Transfer-Encoding: chunked
Connection: keep-alive
access-control-allow-credentials: true
Cache-Control: no-cache
etag: W/"52-0I7uxqYXL4aP1JJOrUCQMsAEdy8"
expires: -1
nel: {"report_to":"heroku-nel","response_headers":["Via"],"max_age":3600,"success_fraction":0.01,"failure_fraction":0.1}
pragma: no-cache
report-to: {"group":"heroku-nel","endpoints":[{"url":"https://nel.heroku.com/reports?s=iNjsBsSxVuTzqHV0hzaGSHEXuSWpFa8APoDnLP4HPWE%3D\u0026sid=e11707d5-02a7-43ef-b45e-2cf4d2036f7d\u0026ts=1772307137"}],"max_age":3600}
reporting-endpoints: heroku-nel="https://nel.heroku.com/reports?s=iNjsBsSxVuTzqHV0hzaGSHEXuSWpFa8APoDnLP4HPWE%3D&sid=e11707d5-02a7-43ef-b45e-2cf4d2036f7d&ts=1772307137"
Server: cloudflare
vary: Origin, Accept-Encoding
via: 2.0 heroku-router
x-content-type-options: nosniff
x-powered-by: Express
x-ratelimit-limit: 1000
x-ratelimit-remaining: 991
x-ratelimit-reset: 1772307185
cf-cache-status: DYNAMIC
Content-Encoding: gzip
CF-RAY: 9d5258d9af0849c9-LHR
alt-svc: h3=":443"; ma=86400

{
    "id": 1,
    "title": "updated title",
    "body": "updated body",
    "userId": 1
}
HTTP/1.1 200 OK
Date: Sat, 28 Feb 2026 19:32:17 GMT
Content-Type: application/json; charset=utf-8
Transfer-Encoding: chunked
Connection: keep-alive
access-control-allow-credentials: true
Cache-Control: no-cache
etag: W/"52-0I7uxqYXL4aP1JJOrUCQMsAEdy8"
expires: -1
nel: {"report_to":"heroku-nel","response_headers":["Via"],"max_age":3600,"success_fraction":0.01,"failure_fraction":0.1}
pragma: no-cache
report-to: {"group":"heroku-nel","endpoints":[{"url":"https://nel.heroku.com/reports?s=iNjsBsSxVuTzqHV0hzaGSHEXuSWpFa8APoDnLP4HPWE%3D\u0026sid=e11707d5-02a7-43ef-b45e-2cf4d2036f7d\u0026ts=1772307137"}],"max_age":3600}
reporting-endpoints: heroku-nel="https://nel.heroku.com/reports?s=iNjsBsSxVuTzqHV0hzaGSHEXuSWpFa8APoDnLP4HPWE%3D&sid=e11707d5-02a7-43ef-b45e-2cf4d2036f7d&ts=1772307137"
Server: cloudflare
vary: Origin, Accept-Encoding
via: 2.0 heroku-router
x-content-type-options: nosniff
x-powered-by: Express
x-ratelimit-limit: 1000
x-ratelimit-remaining: 991
x-ratelimit-reset: 1772307185
cf-cache-status: DYNAMIC
Content-Encoding: gzip
CF-RAY: 9d5258d9af0849c9-LHR
alt-svc: h3=":443"; ma=86400

{
    "id": 1,
    "title": "updated title",
    "body": "updated body",
    "userId": 1
}
HTTP/1.1 200 OK
Date: Sat, 28 Feb 2026 19:32:17 GMT
Content-Type: application/json; charset=utf-8
Transfer-Encoding: chunked
Connection: keep-alive
access-control-allow-credentials: true
Cache-Control: no-cache
etag: W/"52-0I7uxqYXL4aP1JJOrUCQMsAEdy8"
expires: -1
nel: {"report_to":"heroku-nel","response_headers":["Via"],"max_age":3600,"success_fraction":0.01,"failure_fraction":0.1}
pragma: no-cache
report-to: {"group":"heroku-nel","endpoints":[{"url":"https://nel.heroku.com/reports?s=iNjsBsSxVuTzqHV0hzaGSHEXuSWpFa8APoDnLP4HPWE%3D\u0026sid=e11707d5-02a7-43ef-b45e-2cf4d2036f7d\u0026ts=1772307137"}],"max_age":3600}
reporting-endpoints: heroku-nel="https://nel.heroku.com/reports?s=iNjsBsSxVuTzqHV0hzaGSHEXuSWpFa8APoDnLP4HPWE%3D&sid=e11707d5-02a7-43ef-b45e-2cf4d2036f7d&ts=1772307137"
Server: cloudflare
vary: Origin, Accept-Encoding
via: 2.0 heroku-router
x-content-type-options: nosniff
x-powered-by: Express
x-ratelimit-limit: 1000
x-ratelimit-remaining: 991
x-ratelimit-reset: 1772307185
cf-cache-status: DYNAMIC
Content-Encoding: gzip
CF-RAY: 9d5258d9af0849c9-LHR
alt-svc: h3=":443"; ma=86400

{
    "id": 1,
    "title": "updated title",
    "body": "updated body",
    "userId": 1
}
HTTP/1.1 200 OK
Date: Sat, 28 Feb 2026 19:32:17 GMT
Content-Type: application/json; charset=utf-8
Transfer-Encoding: chunked
Connection: keep-alive
access-control-allow-credentials: true
Cache-Control: no-cache
etag: W/"52-0I7uxqYXL4aP1JJOrUCQMsAEdy8"
expires: -1
nel: {"report_to":"heroku-nel","response_headers":["Via"],"max_age":3600,"success_fraction":0.01,"failure_fraction":0.1}
pragma: no-cache
report-to: {"group":"heroku-nel","endpoints":[{"url":"https://nel.heroku.com/reports?s=iNjsBsSxVuTzqHV0hzaGSHEXuSWpFa8APoDnLP4HPWE%3D\u0026sid=e11707d5-02a7-43ef-b45e-2cf4d2036f7d\u0026ts=1772307137"}],"max_age":3600}
reporting-endpoints: heroku-nel="https://nel.heroku.com/reports?s=iNjsBsSxVuTzqHV0hzaGSHEXuSWpFa8APoDnLP4HPWE%3D&sid=e11707d5-02a7-43ef-b45e-2cf4d2036f7d&ts=1772307137"
Server: cloudflare
vary: Origin, Accept-Encoding
via: 2.0 heroku-router
x-content-type-options: nosniff
x-powered-by: Express
x-ratelimit-limit: 1000
x-ratelimit-remaining: 991
x-ratelimit-reset: 1772307185
cf-cache-status: DYNAMIC
Content-Encoding: gzip
CF-RAY: 9d5258d9af0849c9-LHR
alt-svc: h3=":443"; ma=86400

{
    "id": 1,
    "title": "updated title",
    "body": "updated body",
    "userId": 1
}
HTTP/1.1 200 OK
Date: Sat, 28 Feb 2026 19:32:17 GMT
Content-Type: application/json; charset=utf-8
Transfer-Encoding: chunked
Connection: keep-alive
access-control-allow-credentials: true
Cache-Control: no-cache
etag: W/"52-0I7uxqYXL4aP1JJOrUCQMsAEdy8"
expires: -1
nel: {"report_to":"heroku-nel","response_headers":["Via"],"max_age":3600,"success_fraction":0.01,"failure_fraction":0.1}
pragma: no-cache
report-to: {"group":"heroku-nel","endpoints":[{"url":"https://nel.heroku.com/reports?s=iNjsBsSxVuTzqHV0hzaGSHEXuSWpFa8APoDnLP4HPWE%3D\u0026sid=e11707d5-02a7-43ef-b45e-2cf4d2036f7d\u0026ts=1772307137"}],"max_age":3600}
reporting-endpoints: heroku-nel="https://nel.heroku.com/reports?s=iNjsBsSxVuTzqHV0hzaGSHEXuSWpFa8APoDnLP4HPWE%3D&sid=e11707d5-02a7-43ef-b45e-2cf4d2036f7d&ts=1772307137"
Server: cloudflare
vary: Origin, Accept-Encoding
via: 2.0 heroku-router
x-content-type-options: nosniff
x-powered-by: Express
x-ratelimit-limit: 1000
x-ratelimit-remaining: 991
x-ratelimit-reset: 1772307185
cf-cache-status: DYNAMIC
Content-Encoding: gzip
CF-RAY: 9d5258d9af0849c9-LHR
alt-svc: h3=":443"; ma=86400

{
    "id": 1,
    "title": "updated title",
    "body": "updated body",
    "userId": 1
}
HTTP/1.1 200 OK
Date: Sat, 28 Feb 2026 19:32:17 GMT
Content-Type: application/json; charset=utf-8
Transfer-Encoding: chunked
Connection: keep-alive
access-control-allow-credentials: true
Cache-Control: no-cache
etag: W/"52-0I7uxqYXL4aP1JJOrUCQMsAEdy8"
expires: -1
nel: {"report_to":"heroku-nel","response_headers":["Via"],"max_age":3600,"success_fraction":0.01,"failure_fraction":0.1}
pragma: no-cache
report-to: {"group":"heroku-nel","endpoints":[{"url":"https://nel.heroku.com/reports?s=iNjsBsSxVuTzqHV0hzaGSHEXuSWpFa8APoDnLP4HPWE%3D\u0026sid=e11707d5-02a7-43ef-b45e-2cf4d2036f7d\u0026ts=1772307137"}],"max_age":3600}
reporting-endpoints: heroku-nel="https://nel.heroku.com/reports?s=iNjsBsSxVuTzqHV0hzaGSHEXuSWpFa8APoDnLP4HPWE%3D&sid=e11707d5-02a7-43ef-b45e-2cf4d2036f7d&ts=1772307137"
Server: cloudflare
vary: Origin, Accept-Encoding
via: 2.0 heroku-router
x-content-type-options: nosniff
x-powered-by: Express
x-ratelimit-limit: 1000
x-ratelimit-remaining: 991
x-ratelimit-reset: 1772307185
cf-cache-status: DYNAMIC
Content-Encoding: gzip
CF-RAY: 9d5258d9af0849c9-LHR
alt-svc: h3=":443"; ma=86400

{
    "id": 1,
    "title": "updated title",
    "body": "updated body",
    "userId": 1
}
HTTP/1.1 200 OK
Date: Sat, 28 Feb 2026 19:32:17 GMT
Content-Type: application/json; charset=utf-8
Transfer-Encoding: chunked
Connection: keep-alive
access-control-allow-credentials: true
Cache-Control: no-cache
etag: W/"52-0I7uxqYXL4aP1JJOrUCQMsAEdy8"
expires: -1
nel: {"report_to":"heroku-nel","response_headers":["Via"],"max_age":3600,"success_fraction":0.01,"failure_fraction":0.1}
pragma: no-cache
report-to: {"group":"heroku-nel","endpoints":[{"url":"https://nel.heroku.com/reports?s=iNjsBsSxVuTzqHV0hzaGSHEXuSWpFa8APoDnLP4HPWE%3D\u0026sid=e11707d5-02a7-43ef-b45e-2cf4d2036f7d\u0026ts=1772307137"}],"max_age":3600}
reporting-endpoints: heroku-nel="https://nel.heroku.com/reports?s=iNjsBsSxVuTzqHV0hzaGSHEXuSWpFa8APoDnLP4HPWE%3D&sid=e11707d5-02a7-43ef-b45e-2cf4d2036f7d&ts=1772307137"
Server: cloudflare
vary: Origin, Accept-Encoding
via: 2.0 heroku-router
x-content-type-options: nosniff
x-powered-by: Express
x-ratelimit-limit: 1000
x-ratelimit-remaining: 991
x-ratelimit-reset: 1772307185
cf-cache-status: DYNAMIC
Content-Encoding: gzip
CF-RAY: 9d5258d9af0849c9-LHR
alt-svc: h3=":443"; ma=86400

{
    "id": 1,
    "title": "updated title",
    "body": "updated body",
    "userId": 1
}
HTTP/1.1 200 OK
Date: Sat, 28 Feb 2026 19:32:17 GMT
Content-Type: application/json; charset=utf-8
Transfer-Encoding: chunked
Connection: keep-alive
access-control-allow-credentials: true
Cache-Control: no-cache
etag: W/"52-0I7uxqYXL4aP1JJOrUCQMsAEdy8"
expires: -1
nel: {"report_to":"heroku-nel","response_headers":["Via"],"max_age":3600,"success_fraction":0.01,"failure_fraction":0.1}
pragma: no-cache
report-to: {"group":"heroku-nel","endpoints":[{"url":"https://nel.heroku.com/reports?s=iNjsBsSxVuTzqHV0hzaGSHEXuSWpFa8APoDnLP4HPWE%3D\u0026sid=e11707d5-02a7-43ef-b45e-2cf4d2036f7d\u0026ts=1772307137"}],"max_age":3600}
reporting-endpoints: heroku-nel="https://nel.heroku.com/reports?s=iNjsBsSxVuTzqHV0hzaGSHEXuSWpFa8APoDnLP4HPWE%3D&sid=e11707d5-02a7-43ef-b45e-2cf4d2036f7d&ts=1772307137"
Server: cloudflare
vary: Origin, Accept-Encoding
via: 2.0 heroku-router
x-content-type-options: nosniff
x-powered-by: Express
x-ratelimit-limit: 1000
x-ratelimit-remaining: 991
x-ratelimit-reset: 1772307185
cf-cache-status: DYNAMIC
Content-Encoding: gzip
CF-RAY: 9d5258d9af0849c9-LHR
alt-svc: h3=":443"; ma=86400

{
    "id": 1,
    "title": "updated title",
    "body": "updated body",
    "userId": 1
}
HTTP/1.1 200 OK
Date: Sat, 28 Feb 2026 19:32:17 GMT
Content-Type: application/json; charset=utf-8
Transfer-Encoding: chunked
Connection: keep-alive
access-control-allow-credentials: true
Cache-Control: no-cache
etag: W/"52-0I7uxqYXL4aP1JJOrUCQMsAEdy8"
expires: -1
nel: {"report_to":"heroku-nel","response_headers":["Via"],"max_age":3600,"success_fraction":0.01,"failure_fraction":0.1}
pragma: no-cache
report-to: {"group":"heroku-nel","endpoints":[{"url":"https://nel.heroku.com/reports?s=iNjsBsSxVuTzqHV0hzaGSHEXuSWpFa8APoDnLP4HPWE%3D\u0026sid=e11707d5-02a7-43ef-b45e-2cf4d2036f7d\u0026ts=1772307137"}],"max_age":3600}
reporting-endpoints: heroku-nel="https://nel.heroku.com/reports?s=iNjsBsSxVuTzqHV0hzaGSHEXuSWpFa8APoDnLP4HPWE%3D&sid=e11707d5-02a7-43ef-b45e-2cf4d2036f7d&ts=1772307137"
Server: cloudflare
vary: Origin, Accept-Encoding
via: 2.0 heroku-router
x-content-type-options: nosniff
x-powered-by: Express
x-ratelimit-limit: 1000
x-ratelimit-remaining: 991
x-ratelimit-reset: 1772307185
cf-cache-status: DYNAMIC
Content-Encoding: gzip
CF-RAY: 9d5258d9af0849c9-LHR
alt-svc: h3=":443"; ma=86400

{
    "id": 1,
    "title": "updated title",
    "body": "updated body",
    "userId": 1
}
HTTP/1.1 200 OK
Date: Sat, 28 Feb 2026 19:32:17 GMT
Content-Type: application/json; charset=utf-8
Transfer-Encoding: chunked
Connection: keep-alive
access-control-allow-credentials: true
Cache-Control: no-cache
etag: W/"52-0I7uxqYXL4aP1JJOrUCQMsAEdy8"
expires: -1
nel: {"report_to":"heroku-nel","response_headers":["Via"],"max_age":3600,"success_fraction":0.01,"failure_fraction":0.1}
pragma: no-cache
report-to: {"group":"heroku-nel","endpoints":[{"url":"https://nel.heroku.com/reports?s=iNjsBsSxVuTzqHV0hzaGSHEXuSWpFa8APoDnLP4HPWE%3D\u0026sid=e11707d5-02a7-43ef-b45e-2cf4d2036f7d\u0026ts=1772307137"}],"max_age":3600}
reporting-endpoints: heroku-nel="https://nel.heroku.com/reports?s=iNjsBsSxVuTzqHV0hzaGSHEXuSWpFa8APoDnLP4HPWE%3D&sid=e11707d5-02a7-43ef-b45e-2cf4d2036f7d&ts=1772307137"
Server: cloudflare
vary: Origin, Accept-Encoding
via: 2.0 heroku-router
x-content-type-options: nosniff
x-powered-by: Express
x-ratelimit-limit: 1000
x-ratelimit-remaining: 991
x-ratelimit-reset: 1772307185
cf-cache-status: DYNAMIC
Content-Encoding: gzip
CF-RAY: 9d5258d9af0849c9-LHR
alt-svc: h3=":443"; ma=86400

{
    "id": 1,
    "title": "updated title",
    "body": "updated body",
    "userId": 1
}
HTTP/1.1 200 OK
Date: Sat, 28 Feb 2026 19:32:17 GMT
Content-Type: application/json; charset=utf-8
Transfer-Encoding: chunked
Connection: keep-alive
access-control-allow-credentials: true
Cache-Control: no-cache
etag: W/"52-0I7uxqYXL4aP1JJOrUCQMsAEdy8"
expires: -1
nel: {"report_to":"heroku-nel","response_headers":["Via"],"max_age":3600,"success_fraction":0.01,"failure_fraction":0.1}
pragma: no-cache
report-to: {"group":"heroku-nel","endpoints":[{"url":"https://nel.heroku.com/reports?s=iNjsBsSxVuTzqHV0hzaGSHEXuSWpFa8APoDnLP4HPWE%3D\u0026sid=e11707d5-02a7-43ef-b45e-2cf4d2036f7d\u0026ts=1772307137"}],"max_age":3600}
reporting-endpoints: heroku-nel="https://nel.heroku.com/reports?s=iNjsBsSxVuTzqHV0hzaGSHEXuSWpFa8APoDnLP4HPWE%3D&sid=e11707d5-02a7-43ef-b45e-2cf4d2036f7d&ts=1772307137"
Server: cloudflare
vary: Origin, Accept-Encoding
via: 2.0 heroku-router
x-content-type-options: nosniff
x-powered-by: Express
x-ratelimit-limit: 1000
x-ratelimit-remaining: 991
x-ratelimit-reset: 1772307185
cf-cache-status: DYNAMIC
Content-Encoding: gzip
CF-RAY: 9d5258d9af0849c9-LHR
alt-svc: h3=":443"; ma=86400

{
    "id": 1,
    "title": "updated title",
    "body": "updated body",
    "userId": 1
}
HTTP/1.1 200 OK
Date: Sat, 28 Feb 2026 19:32:17 GMT
Content-Type: application/json; charset=utf-8
Transfer-Encoding: chunked
Connection: keep-alive
access-control-allow-credentials: true
Cache-Control: no-cache
etag: W/"52-0I7uxqYXL4aP1JJOrUCQMsAEdy8"
expires: -1
nel: {"report_to":"heroku-nel","response_headers":["Via"],"max_age":3600,"success_fraction":0.01,"failure_fraction":0.1}
pragma: no-cache
report-to: {"group":"heroku-nel","endpoints":[{"url":"https://nel.heroku.com/reports?s=iNjsBsSxVuTzqHV0hzaGSHEXuSWpFa8APoDnLP4HPWE%3D\u0026sid=e11707d5-02a7-43ef-b45e-2cf4d2036f7d\u0026ts=1772307137"}],"max_age":3600}
reporting-endpoints: heroku-nel="https://nel.heroku.com/reports?s=iNjsBsSxVuTzqHV0hzaGSHEXuSWpFa8APoDnLP4HPWE%3D&sid=e11707d5-02a7-43ef-b45e-2cf4d2036f7d&ts=1772307137"
Server: cloudflare
vary: Origin, Accept-Encoding
via: 2.0 heroku-router
x-content-type-options: nosniff
x-powered-by: Express
x-ratelimit-limit: 1000
x-ratelimit-remaining: 991
x-ratelimit-reset: 1772307185
cf-cache-status: DYNAMIC
Content-Encoding: gzip
CF-RAY: 9d5258d9af0849c9-LHR
alt-svc: h3=":443"; ma=86400

{
    "id": 1,
    "title": "updated title",
    "body": "updated body",
    "userId": 1
}
]]></system-out>
  </testcase>
  <testcase name="testUpdatePost" classname="com.api.automation.tests.PutTest" time="0.697">
    <system-out><![CDATA[Request method:	PUT
Request URI:	https://jsonplaceholder.typicode.com/posts/1
Proxy:			<none>
Request params:	<none>
Query params:	<none>
Form params:	<none>
Path params:	<none>
Headers:		Accept=*/*
				Content-Type=application/json
Cookies:		<none>
Multiparts:		<none>
Body:
{
    "id": 1,
    "title": "updated title",
    "body": "updated body",
    "userId": 1
}
Request method:	PUT
Request URI:	https://jsonplaceholder.typicode.com/posts/1
Proxy:			<none>
Request params:	<none>
Query params:	<none>
Form params:	<none>
Path params:	<none>
Headers:		Accept=*/*
				Content-Type=application/json
Cookies:		<none>
Multiparts:		<none>
Body:
{
    "id": 1,
    "title": "updated title",
    "body": "updated body",
    "userId": 1
}
Request method:	PUT
Request URI:	https://jsonplaceholder.typicode.com/posts/1
Proxy:			<none>
Request params:	<none>
Query params:	<none>
Form params:	<none>
Path params:	<none>
Headers:		Accept=*/*
				Content-Type=application/json
Cookies:		<none>
Multiparts:		<none>
Body:
{
    "id": 1,
    "title": "updated title",
    "body": "updated body",
    "userId": 1
}
Request method:	PUT
Request URI:	https://jsonplaceholder.typicode.com/posts/1
Proxy:			<none>
Request params:	<none>
Query params:	<none>
Form params:	<none>
Path params:	<none>
Headers:		Accept=*/*
				Content-Type=application/json
Cookies:		<none>
Multiparts:		<none>
Body:
{
    "id": 1,
    "title": "updated title",
    "body": "updated body",
    "userId": 1
}
Request method:	PUT
Request URI:	https://jsonplaceholder.typicode.com/posts/1
Proxy:			<none>
Request params:	<none>
Query params:	<none>
Form params:	<none>
Path params:	<none>
Headers:		Accept=*/*
				Content-Type=application/json
Cookies:		<none>
Multiparts:		<none>
Body:
{
    "id": 1,
    "title": "updated title",
    "body": "updated body",
    "userId": 1
}
Request method:	PUT
Request URI:	https://jsonplaceholder.typicode.com/posts/1
Proxy:			<none>
Request params:	<none>
Query params:	<none>
Form params:	<none>
Path params:	<none>
Headers:		Accept=*/*
				Content-Type=application/json
Cookies:		<none>
Multiparts:		<none>
Body:
{
    "id": 1,
    "title": "updated title",
    "body": "updated body",
    "userId": 1
}
Request method:	PUT
Request URI:	https://jsonplaceholder.typicode.com/posts/1
Proxy:			<none>
Request params:	<none>
Query params:	<none>
Form params:	<none>
Path params:	<none>
Headers:		Accept=*/*
				Content-Type=application/json
Cookies:		<none>
Multiparts:		<none>
Body:
{
    "id": 1,
    "title": "updated title",
    "body": "updated body",
    "userId": 1
}
Request method:	PUT
Request URI:	https://jsonplaceholder.typicode.com/posts/1
Proxy:			<none>
Request params:	<none>
Query params:	<none>
Form params:	<none>
Path params:	<none>
Headers:		Accept=*/*
				Content-Type=application/json
Cookies:		<none>
Multiparts:		<none>
Body:
{
    "id": 1,
    "title": "updated title",
    "body": "updated body",
    "userId": 1
}
Request method:	PUT
Request URI:	https://jsonplaceholder.typicode.com/posts/1
Proxy:			<none>
Request params:	<none>
Query params:	<none>
Form params:	<none>
Path params:	<none>
Headers:		Accept=*/*
				Content-Type=application/json
Cookies:		<none>
Multiparts:		<none>
Body:
{
    "id": 1,
    "title": "updated title",
    "body": "updated body",
    "userId": 1
}
Request method:	PUT
Request URI:	https://jsonplaceholder.typicode.com/posts/1
Proxy:			<none>
Request params:	<none>
Query params:	<none>
Form params:	<none>
Path params:	<none>
Headers:		Accept=*/*
				Content-Type=application/json
Cookies:		<none>
Multiparts:		<none>
Body:
{
    "id": 1,
    "title": "updated title",
    "body": "updated body",
    "userId": 1
}
Request method:	PUT
Request URI:	https://jsonplaceholder.typicode.com/posts/1
Proxy:			<none>
Request params:	<none>
Query params:	<none>
Form params:	<none>
Path params:	<none>
Headers:		Accept=*/*
				Content-Type=application/json
Cookies:		<none>
Multiparts:		<none>
Body:
{
    "id": 1,
    "title": "updated title",
    "body": "updated body",
    "userId": 1
}
Request method:	PUT
Request URI:	https://jsonplaceholder.typicode.com/posts/1
Proxy:			<none>
Request params:	<none>
Query params:	<none>
Form params:	<none>
Path params:	<none>
Headers:		Accept=*/*
				Content-Type=application/json
Cookies:		<none>
Multiparts:		<none>
Body:
{
    "id": 1,
    "title": "updated title",
    "body": "updated body",
    "userId": 1
}
Request method:	PUT
Request URI:	https://jsonplaceholder.typicode.com/posts/1
Proxy:			<none>
Request params:	<none>
Query params:	<none>
Form params:	<none>
Path params:	<none>
Headers:		Accept=*/*
				Content-Type=application/json
Cookies:		<none>
Multiparts:		<none>
Body:
{
    "id": 1,
    "title": "updated title",
    "body": "updated body",
    "userId": 1
}
Request method:	PUT
Request URI:	https://jsonplaceholder.typicode.com/posts/1
Proxy:			<none>
Request params:	<none>
Query params:	<none>
Form params:	<none>
Path params:	<none>
Headers:		Accept=*/*
				Content-Type=application/json
Cookies:		<none>
Multiparts:		<none>
Body:
{
    "id": 1,
    "title": "updated title",
    "body": "updated body",
    "userId": 1
}
Request method:	PUT
Request URI:	https://jsonplaceholder.typicode.com/posts/1
Proxy:			<none>
Request params:	<none>
Query params:	<none>
Form params:	<none>
Path params:	<none>
Headers:		Accept=*/*
				Content-Type=application/json
Cookies:		<none>
Multiparts:		<none>
Body:
{
    "id": 1,
    "title": "updated title",
    "body": "updated body",
    "userId": 1
}
Request method:	PUT
Request URI:	https://jsonplaceholder.typicode.com/posts/1
Proxy:			<none>
Request params:	<none>
Query params:	<none>
Form params:	<none>
Path params:	<none>
Headers:		Accept=*/*
				Content-Type=application/json
Cookies:		<none>
Multiparts:		<none>
Body:
{
    "id": 1,
    "title": "updated title",
    "body": "updated body",
    "userId": 1
}
Request method:	PUT
Request URI:	https://jsonplaceholder.typicode.com/posts/1
Proxy:			<none>
Request params:	<none>
Query params:	<none>
Form params:	<none>
Path params:	<none>
Headers:		Accept=*/*
				Content-Type=application/json
Cookies:		<none>
Multiparts:		<none>
Body:
{
    "id": 1,
    "title": "updated title",
    "body": "updated body",
    "userId": 1
}
HTTP/1.1 200 OK
Date: Sat, 28 Feb 2026 19:32:18 GMT
Content-Type: application/json; charset=utf-8
Transfer-Encoding: chunked
Connection: keep-alive
access-control-allow-credentials: true
Cache-Control: no-cache
etag: W/"52-0I7uxqYXL4aP1JJOrUCQMsAEdy8"
expires: -1
nel: {"report_to":"heroku-nel","response_headers":["Via"],"max_age":3600,"success_fraction":0.01,"failure_fraction":0.1}
pragma: no-cache
report-to: {"group":"heroku-nel","endpoints":[{"url":"https://nel.heroku.com/reports?s=tz1de44qh2HgVacyCTAQLlvMSjTueYS%2FkLzDmzzgFLs%3D\u0026sid=e11707d5-02a7-43ef-b45e-2cf4d2036f7d\u0026ts=1772307138"}],"max_age":3600}
reporting-endpoints: heroku-nel="https://nel.heroku.com/reports?s=tz1de44qh2HgVacyCTAQLlvMSjTueYS%2FkLzDmzzgFLs%3D&sid=e11707d5-02a7-43ef-b45e-2cf4d2036f7d&ts=1772307138"
Server: cloudflare
vary: Origin, Accept-Encoding
via: 2.0 heroku-router
x-content-type-options: nosniff
x-powered-by: Express
x-ratelimit-limit: 1000
x-ratelimit-remaining: 990
x-ratelimit-reset: 1772307185
cf-cache-status: DYNAMIC
Content-Encoding: gzip
CF-RAY: 9d5258de0ac5636a-LHR
alt-svc: h3=":443"; ma=86400

{
    "id": 1,
    "title": "updated title",
    "body": "updated body",
    "userId": 1
}
HTTP/1.1 200 OK
Date: Sat, 28 Feb 2026 19:32:18 GMT
Content-Type: application/json; charset=utf-8
Transfer-Encoding: chunked
Connection: keep-alive
access-control-allow-credentials: true
Cache-Control: no-cache
etag: W/"52-0I7uxqYXL4aP1JJOrUCQMsAEdy8"
expires: -1
nel: {"report_to":"heroku-nel","response_headers":["Via"],"max_age":3600,"success_fraction":0.01,"failure_fraction":0.1}
pragma: no-cache
report-to: {"group":"heroku-nel","endpoints":[{"url":"https://nel.heroku.com/reports?s=tz1de44qh2HgVacyCTAQLlvMSjTueYS%2FkLzDmzzgFLs%3D\u0026sid=e11707d5-02a7-43ef-b45e-2cf4d2036f7d\u0026ts=1772307138"}],"max_age":3600}
reporting-endpoints: heroku-nel="https://nel.heroku.com/reports?s=tz1de44qh2HgVacyCTAQLlvMSjTueYS%2FkLzDmzzgFLs%3D&sid=e11707d5-02a7-43ef-b45e-2cf4d2036f7d&ts=1772307138"
Server: cloudflare
vary: Origin, Accept-Encoding
via: 2.0 heroku-router
x-content-type-options: nosniff
x-powered-by: Express
x-ratelimit-limit: 1000
x-ratelimit-remaining: 990
x-ratelimit-reset: 1772307185
cf-cache-status: DYNAMIC
Content-Encoding: gzip
CF-RAY: 9d5258de0ac5636a-LHR
alt-svc: h3=":443"; ma=86400

{
    "id": 1,
    "title": "updated title",
    "body": "updated body",
    "userId": 1
}
HTTP/1.1 200 OK
Date: Sat, 28 Feb 2026 19:32:18 GMT
Content-Type: application/json; charset=utf-8
Transfer-Encoding: chunked
Connection: keep-alive
access-control-allow-credentials: true
Cache-Control: no-cache
etag: W/"52-0I7uxqYXL4aP1JJOrUCQMsAEdy8"
expires: -1
nel: {"report_to":"heroku-nel","response_headers":["Via"],"max_age":3600,"success_fraction":0.01,"failure_fraction":0.1}
pragma: no-cache
report-to: {"group":"heroku-nel","endpoints":[{"url":"https://nel.heroku.com/reports?s=tz1de44qh2HgVacyCTAQLlvMSjTueYS%2FkLzDmzzgFLs%3D\u0026sid=e11707d5-02a7-43ef-b45e-2cf4d2036f7d\u0026ts=1772307138"}],"max_age":3600}
reporting-endpoints: heroku-nel="https://nel.heroku.com/reports?s=tz1de44qh2HgVacyCTAQLlvMSjTueYS%2FkLzDmzzgFLs%3D&sid=e11707d5-02a7-43ef-b45e-2cf4d2036f7d&ts=1772307138"
Server: cloudflare
vary: Origin, Accept-Encoding
via: 2.0 heroku-router
x-content-type-options: nosniff
x-powered-by: Express
x-ratelimit-limit: 1000
x-ratelimit-remaining: 990
x-ratelimit-reset: 1772307185
cf-cache-status: DYNAMIC
Content-Encoding: gzip
CF-RAY: 9d5258de0ac5636a-LHR
alt-svc: h3=":443"; ma=86400

{
    "id": 1,
    "title": "updated title",
    "body": "updated body",
    "userId": 1
}
HTTP/1.1 200 OK
Date: Sat, 28 Feb 2026 19:32:18 GMT
Content-Type: application/json; charset=utf-8
Transfer-Encoding: chunked
Connection: keep-alive
access-control-allow-credentials: true
Cache-Control: no-cache
etag: W/"52-0I7uxqYXL4aP1JJOrUCQMsAEdy8"
expires: -1
nel: {"report_to":"heroku-nel","response_headers":["Via"],"max_age":3600,"success_fraction":0.01,"failure_fraction":0.1}
pragma: no-cache
report-to: {"group":"heroku-nel","endpoints":[{"url":"https://nel.heroku.com/reports?s=tz1de44qh2HgVacyCTAQLlvMSjTueYS%2FkLzDmzzgFLs%3D\u0026sid=e11707d5-02a7-43ef-b45e-2cf4d2036f7d\u0026ts=1772307138"}],"max_age":3600}
reporting-endpoints: heroku-nel="https://nel.heroku.com/reports?s=tz1de44qh2HgVacyCTAQLlvMSjTueYS%2FkLzDmzzgFLs%3D&sid=e11707d5-02a7-43ef-b45e-2cf4d2036f7d&ts=1772307138"
Server: cloudflare
vary: Origin, Accept-Encoding
via: 2.0 heroku-router
x-content-type-options: nosniff
x-powered-by: Express
x-ratelimit-limit: 1000
x-ratelimit-remaining: 990
x-ratelimit-reset: 1772307185
cf-cache-status: DYNAMIC
Content-Encoding: gzip
CF-RAY: 9d5258de0ac5636a-LHR
alt-svc: h3=":443"; ma=86400

{
    "id": 1,
    "title": "updated title",
    "body": "updated body",
    "userId": 1
}
HTTP/1.1 200 OK
Date: Sat, 28 Feb 2026 19:32:18 GMT
Content-Type: application/json; charset=utf-8
Transfer-Encoding: chunked
Connection: keep-alive
access-control-allow-credentials: true
Cache-Control: no-cache
etag: W/"52-0I7uxqYXL4aP1JJOrUCQMsAEdy8"
expires: -1
nel: {"report_to":"heroku-nel","response_headers":["Via"],"max_age":3600,"success_fraction":0.01,"failure_fraction":0.1}
pragma: no-cache
report-to: {"group":"heroku-nel","endpoints":[{"url":"https://nel.heroku.com/reports?s=tz1de44qh2HgVacyCTAQLlvMSjTueYS%2FkLzDmzzgFLs%3D\u0026sid=e11707d5-02a7-43ef-b45e-2cf4d2036f7d\u0026ts=1772307138"}],"max_age":3600}
reporting-endpoints: heroku-nel="https://nel.heroku.com/reports?s=tz1de44qh2HgVacyCTAQLlvMSjTueYS%2FkLzDmzzgFLs%3D&sid=e11707d5-02a7-43ef-b45e-2cf4d2036f7d&ts=1772307138"
Server: cloudflare
vary: Origin, Accept-Encoding
via: 2.0 heroku-router
x-content-type-options: nosniff
x-powered-by: Express
x-ratelimit-limit: 1000
x-ratelimit-remaining: 990
x-ratelimit-reset: 1772307185
cf-cache-status: DYNAMIC
Content-Encoding: gzip
CF-RAY: 9d5258de0ac5636a-LHR
alt-svc: h3=":443"; ma=86400

{
    "id": 1,
    "title": "updated title",
    "body": "updated body",
    "userId": 1
}
HTTP/1.1 200 OK
Date: Sat, 28 Feb 2026 19:32:18 GMT
Content-Type: application/json; charset=utf-8
Transfer-Encoding: chunked
Connection: keep-alive
access-control-allow-credentials: true
Cache-Control: no-cache
etag: W/"52-0I7uxqYXL4aP1JJOrUCQMsAEdy8"
expires: -1
nel: {"report_to":"heroku-nel","response_headers":["Via"],"max_age":3600,"success_fraction":0.01,"failure_fraction":0.1}
pragma: no-cache
report-to: {"group":"heroku-nel","endpoints":[{"url":"https://nel.heroku.com/reports?s=tz1de44qh2HgVacyCTAQLlvMSjTueYS%2FkLzDmzzgFLs%3D\u0026sid=e11707d5-02a7-43ef-b45e-2cf4d2036f7d\u0026ts=1772307138"}],"max_age":3600}
reporting-endpoints: heroku-nel="https://nel.heroku.com/reports?s=tz1de44qh2HgVacyCTAQLlvMSjTueYS%2FkLzDmzzgFLs%3D&sid=e11707d5-02a7-43ef-b45e-2cf4d2036f7d&ts=1772307138"
Server: cloudflare
vary: Origin, Accept-Encoding
via: 2.0 heroku-router
x-content-type-options: nosniff
x-powered-by: Express
x-ratelimit-limit: 1000
x-ratelimit-remaining: 990
x-ratelimit-reset: 1772307185
cf-cache-status: DYNAMIC
Content-Encoding: gzip
CF-RAY: 9d5258de0ac5636a-LHR
alt-svc: h3=":443"; ma=86400

{
    "id": 1,
    "title": "updated title",
    "body": "updated body",
    "userId": 1
}
HTTP/1.1 200 OK
Date: Sat, 28 Feb 2026 19:32:18 GMT
Content-Type: application/json; charset=utf-8
Transfer-Encoding: chunked
Connection: keep-alive
access-control-allow-credentials: true
Cache-Control: no-cache
etag: W/"52-0I7uxqYXL4aP1JJOrUCQMsAEdy8"
expires: -1
nel: {"report_to":"heroku-nel","response_headers":["Via"],"max_age":3600,"success_fraction":0.01,"failure_fraction":0.1}
pragma: no-cache
report-to: {"group":"heroku-nel","endpoints":[{"url":"https://nel.heroku.com/reports?s=tz1de44qh2HgVacyCTAQLlvMSjTueYS%2FkLzDmzzgFLs%3D\u0026sid=e11707d5-02a7-43ef-b45e-2cf4d2036f7d\u0026ts=1772307138"}],"max_age":3600}
reporting-endpoints: heroku-nel="https://nel.heroku.com/reports?s=tz1de44qh2HgVacyCTAQLlvMSjTueYS%2FkLzDmzzgFLs%3D&sid=e11707d5-02a7-43ef-b45e-2cf4d2036f7d&ts=1772307138"
Server: cloudflare
vary: Origin, Accept-Encoding
via: 2.0 heroku-router
x-content-type-options: nosniff
x-powered-by: Express
x-ratelimit-limit: 1000
x-ratelimit-remaining: 990
x-ratelimit-reset: 1772307185
cf-cache-status: DYNAMIC
Content-Encoding: gzip
CF-RAY: 9d5258de0ac5636a-LHR
alt-svc: h3=":443"; ma=86400

{
    "id": 1,
    "title": "updated title",
    "body": "updated body",
    "userId": 1
}
HTTP/1.1 200 OK
Date: Sat, 28 Feb 2026 19:32:18 GMT
Content-Type: application/json; charset=utf-8
Transfer-Encoding: chunked
Connection: keep-alive
access-control-allow-credentials: true
Cache-Control: no-cache
etag: W/"52-0I7uxqYXL4aP1JJOrUCQMsAEdy8"
expires: -1
nel: {"report_to":"heroku-nel","response_headers":["Via"],"max_age":3600,"success_fraction":0.01,"failure_fraction":0.1}
pragma: no-cache
report-to: {"group":"heroku-nel","endpoints":[{"url":"https://nel.heroku.com/reports?s=tz1de44qh2HgVacyCTAQLlvMSjTueYS%2FkLzDmzzgFLs%3D\u0026sid=e11707d5-02a7-43ef-b45e-2cf4d2036f7d\u0026ts=1772307138"}],"max_age":3600}
reporting-endpoints: heroku-nel="https://nel.heroku.com/reports?s=tz1de44qh2HgVacyCTAQLlvMSjTueYS%2FkLzDmzzgFLs%3D&sid=e11707d5-02a7-43ef-b45e-2cf4d2036f7d&ts=1772307138"
Server: cloudflare
vary: Origin, Accept-Encoding
via: 2.0 heroku-router
x-content-type-options: nosniff
x-powered-by: Express
x-ratelimit-limit: 1000
x-ratelimit-remaining: 990
x-ratelimit-reset: 1772307185
cf-cache-status: DYNAMIC
Content-Encoding: gzip
CF-RAY: 9d5258de0ac5636a-LHR
alt-svc: h3=":443"; ma=86400

{
    "id": 1,
    "title": "updated title",
    "body": "updated body",
    "userId": 1
}
HTTP/1.1 200 OK
Date: Sat, 28 Feb 2026 19:32:18 GMT
Content-Type: application/json; charset=utf-8
Transfer-Encoding: chunked
Connection: keep-alive
access-control-allow-credentials: true
Cache-Control: no-cache
etag: W/"52-0I7uxqYXL4aP1JJOrUCQMsAEdy8"
expires: -1
nel: {"report_to":"heroku-nel","response_headers":["Via"],"max_age":3600,"success_fraction":0.01,"failure_fraction":0.1}
pragma: no-cache
report-to: {"group":"heroku-nel","endpoints":[{"url":"https://nel.heroku.com/reports?s=tz1de44qh2HgVacyCTAQLlvMSjTueYS%2FkLzDmzzgFLs%3D\u0026sid=e11707d5-02a7-43ef-b45e-2cf4d2036f7d\u0026ts=1772307138"}],"max_age":3600}
reporting-endpoints: heroku-nel="https://nel.heroku.com/reports?s=tz1de44qh2HgVacyCTAQLlvMSjTueYS%2FkLzDmzzgFLs%3D&sid=e11707d5-02a7-43ef-b45e-2cf4d2036f7d&ts=1772307138"
Server: cloudflare
vary: Origin, Accept-Encoding
via: 2.0 heroku-router
x-content-type-options: nosniff
x-powered-by: Express
x-ratelimit-limit: 1000
x-ratelimit-remaining: 990
x-ratelimit-reset: 1772307185
cf-cache-status: DYNAMIC
Content-Encoding: gzip
CF-RAY: 9d5258de0ac5636a-LHR
alt-svc: h3=":443"; ma=86400

{
    "id": 1,
    "title": "updated title",
    "body": "updated body",
    "userId": 1
}
HTTP/1.1 200 OK
Date: Sat, 28 Feb 2026 19:32:18 GMT
Content-Type: application/json; charset=utf-8
Transfer-Encoding: chunked
Connection: keep-alive
access-control-allow-credentials: true
Cache-Control: no-cache
etag: W/"52-0I7uxqYXL4aP1JJOrUCQMsAEdy8"
expires: -1
nel: {"report_to":"heroku-nel","response_headers":["Via"],"max_age":3600,"success_fraction":0.01,"failure_fraction":0.1}
pragma: no-cache
report-to: {"group":"heroku-nel","endpoints":[{"url":"https://nel.heroku.com/reports?s=tz1de44qh2HgVacyCTAQLlvMSjTueYS%2FkLzDmzzgFLs%3D\u0026sid=e11707d5-02a7-43ef-b45e-2cf4d2036f7d\u0026ts=1772307138"}],"max_age":3600}
reporting-endpoints: heroku-nel="https://nel.heroku.com/reports?s=tz1de44qh2HgVacyCTAQLlvMSjTueYS%2FkLzDmzzgFLs%3D&sid=e11707d5-02a7-43ef-b45e-2cf4d2036f7d&ts=1772307138"
Server: cloudflare
vary: Origin, Accept-Encoding
via: 2.0 heroku-router
x-content-type-options: nosniff
x-powered-by: Express
x-ratelimit-limit: 1000
x-ratelimit-remaining: 990
x-ratelimit-reset: 1772307185
cf-cache-status: DYNAMIC
Content-Encoding: gzip
CF-RAY: 9d5258de0ac5636a-LHR
alt-svc: h3=":443"; ma=86400

{
    "id": 1,
    "title": "updated title",
    "body": "updated body",
    "userId": 1
}
HTTP/1.1 200 OK
Date: Sat, 28 Feb 2026 19:32:18 GMT
Content-Type: application/json; charset=utf-8
Transfer-Encoding: chunked
Connection: keep-alive
access-control-allow-credentials: true
Cache-Control: no-cache
etag: W/"52-0I7uxqYXL4aP1JJOrUCQMsAEdy8"
expires: -1
nel: {"report_to":"heroku-nel","response_headers":["Via"],"max_age":3600,"success_fraction":0.01,"failure_fraction":0.1}
pragma: no-cache
report-to: {"group":"heroku-nel","endpoints":[{"url":"https://nel.heroku.com/reports?s=tz1de44qh2HgVacyCTAQLlvMSjTueYS%2FkLzDmzzgFLs%3D\u0026sid=e11707d5-02a7-43ef-b45e-2cf4d2036f7d\u0026ts=1772307138"}],"max_age":3600}
reporting-endpoints: heroku-nel="https://nel.heroku.com/reports?s=tz1de44qh2HgVacyCTAQLlvMSjTueYS%2FkLzDmzzgFLs%3D&sid=e11707d5-02a7-43ef-b45e-2cf4d2036f7d&ts=1772307138"
Server: cloudflare
vary: Origin, Accept-Encoding
via: 2.0 heroku-router
x-content-type-options: nosniff
x-powered-by: Express
x-ratelimit-limit: 1000
x-ratelimit-remaining: 990
x-ratelimit-reset: 1772307185
cf-cache-status: DYNAMIC
Content-Encoding: gzip
CF-RAY: 9d5258de0ac5636a-LHR
alt-svc: h3=":443"; ma=86400

{
    "id": 1,
    "title": "updated title",
    "body": "updated body",
    "userId": 1
}
HTTP/1.1 200 OK
Date: Sat, 28 Feb 2026 19:32:18 GMT
Content-Type: application/json; charset=utf-8
Transfer-Encoding: chunked
Connection: keep-alive
access-control-allow-credentials: true
Cache-Control: no-cache
etag: W/"52-0I7uxqYXL4aP1JJOrUCQMsAEdy8"
expires: -1
nel: {"report_to":"heroku-nel","response_headers":["Via"],"max_age":3600,"success_fraction":0.01,"failure_fraction":0.1}
pragma: no-cache
report-to: {"group":"heroku-nel","endpoints":[{"url":"https://nel.heroku.com/reports?s=tz1de44qh2HgVacyCTAQLlvMSjTueYS%2FkLzDmzzgFLs%3D\u0026sid=e11707d5-02a7-43ef-b45e-2cf4d2036f7d\u0026ts=1772307138"}],"max_age":3600}
reporting-endpoints: heroku-nel="https://nel.heroku.com/reports?s=tz1de44qh2HgVacyCTAQLlvMSjTueYS%2FkLzDmzzgFLs%3D&sid=e11707d5-02a7-43ef-b45e-2cf4d2036f7d&ts=1772307138"
Server: cloudflare
vary: Origin, Accept-Encoding
via: 2.0 heroku-router
x-content-type-options: nosniff
x-powered-by: Express
x-ratelimit-limit: 1000
x-ratelimit-remaining: 990
x-ratelimit-reset: 1772307185
cf-cache-status: DYNAMIC
Content-Encoding: gzip
CF-RAY: 9d5258de0ac5636a-LHR
alt-svc: h3=":443"; ma=86400

{
    "id": 1,
    "title": "updated title",
    "body": "updated body",
    "userId": 1
}
HTTP/1.1 200 OK
Date: Sat, 28 Feb 2026 19:32:18 GMT
Content-Type: application/json; charset=utf-8
Transfer-Encoding: chunked
Connection: keep-alive
access-control-allow-credentials: true
Cache-Control: no-cache
etag: W/"52-0I7uxqYXL4aP1JJOrUCQMsAEdy8"
expires: -1
nel: {"report_to":"heroku-nel","response_headers":["Via"],"max_age":3600,"success_fraction":0.01,"failure_fraction":0.1}
pragma: no-cache
report-to: {"group":"heroku-nel","endpoints":[{"url":"https://nel.heroku.com/reports?s=tz1de44qh2HgVacyCTAQLlvMSjTueYS%2FkLzDmzzgFLs%3D\u0026sid=e11707d5-02a7-43ef-b45e-2cf4d2036f7d\u0026ts=1772307138"}],"max_age":3600}
reporting-endpoints: heroku-nel="https://nel.heroku.com/reports?s=tz1de44qh2HgVacyCTAQLlvMSjTueYS%2FkLzDmzzgFLs%3D&sid=e11707d5-02a7-43ef-b45e-2cf4d2036f7d&ts=1772307138"
Server: cloudflare
vary: Origin, Accept-Encoding
via: 2.0 heroku-router
x-content-type-options: nosniff
x-powered-by: Express
x-ratelimit-limit: 1000
x-ratelimit-remaining: 990
x-ratelimit-reset: 1772307185
cf-cache-status: DYNAMIC
Content-Encoding: gzip
CF-RAY: 9d5258de0ac5636a-LHR
alt-svc: h3=":443"; ma=86400

{
    "id": 1,
    "title": "updated title",
    "body": "updated body",
    "userId": 1
}
HTTP/1.1 200 OK
Date: Sat, 28 Feb 2026 19:32:18 GMT
Content-Type: application/json; charset=utf-8
Transfer-Encoding: chunked
Connection: keep-alive
access-control-allow-credentials: true
Cache-Control: no-cache
etag: W/"52-0I7uxqYXL4aP1JJOrUCQMsAEdy8"
expires: -1
nel: {"report_to":"heroku-nel","response_headers":["Via"],"max_age":3600,"success_fraction":0.01,"failure_fraction":0.1}
pragma: no-cache
report-to: {"group":"heroku-nel","endpoints":[{"url":"https://nel.heroku.com/reports?s=tz1de44qh2HgVacyCTAQLlvMSjTueYS%2FkLzDmzzgFLs%3D\u0026sid=e11707d5-02a7-43ef-b45e-2cf4d2036f7d\u0026ts=1772307138"}],"max_age":3600}
reporting-endpoints: heroku-nel="https://nel.heroku.com/reports?s=tz1de44qh2HgVacyCTAQLlvMSjTueYS%2FkLzDmzzgFLs%3D&sid=e11707d5-02a7-43ef-b45e-2cf4d2036f7d&ts=1772307138"
Server: cloudflare
vary: Origin, Accept-Encoding
via: 2.0 heroku-router
x-content-type-options: nosniff
x-powered-by: Express
x-ratelimit-limit: 1000
x-ratelimit-remaining: 990
x-ratelimit-reset: 1772307185
cf-cache-status: DYNAMIC
Content-Encoding: gzip
CF-RAY: 9d5258de0ac5636a-LHR
alt-svc: h3=":443"; ma=86400

{
    "id": 1,
    "title": "updated title",
    "body": "updated body",
    "userId": 1
}
HTTP/1.1 200 OK
Date: Sat, 28 Feb 2026 19:32:18 GMT
Content-Type: application/json; charset=utf-8
Transfer-Encoding: chunked
Connection: keep-alive
access-control-allow-credentials: true
Cache-Control: no-cache
etag: W/"52-0I7uxqYXL4aP1JJOrUCQMsAEdy8"
expires: -1
nel: {"report_to":"heroku-nel","response_headers":["Via"],"max_age":3600,"success_fraction":0.01,"failure_fraction":0.1}
pragma: no-cache
report-to: {"group":"heroku-nel","endpoints":[{"url":"https://nel.heroku.com/reports?s=tz1de44qh2HgVacyCTAQLlvMSjTueYS%2FkLzDmzzgFLs%3D\u0026sid=e11707d5-02a7-43ef-b45e-2cf4d2036f7d\u0026ts=1772307138"}],"max_age":3600}
reporting-endpoints: heroku-nel="https://nel.heroku.com/reports?s=tz1de44qh2HgVacyCTAQLlvMSjTueYS%2FkLzDmzzgFLs%3D&sid=e11707d5-02a7-43ef-b45e-2cf4d2036f7d&ts=1772307138"
Server: cloudflare
vary: Origin, Accept-Encoding
via: 2.0 heroku-router
x-content-type-options: nosniff
x-powered-by: Express
x-ratelimit-limit: 1000
x-ratelimit-remaining: 990
x-ratelimit-reset: 1772307185
cf-cache-status: DYNAMIC
Content-Encoding: gzip
CF-RAY: 9d5258de0ac5636a-LHR
alt-svc: h3=":443"; ma=86400

{
    "id": 1,
    "title": "updated title",
    "body": "updated body",
    "userId": 1
}
HTTP/1.1 200 OK
Date: Sat, 28 Feb 2026 19:32:18 GMT
Content-Type: application/json; charset=utf-8
Transfer-Encoding: chunked
Connection: keep-alive
access-control-allow-credentials: true
Cache-Control: no-cache
etag: W/"52-0I7uxqYXL4aP1JJOrUCQMsAEdy8"
expires: -1
nel: {"report_to":"heroku-nel","response_headers":["Via"],"max_age":3600,"success_fraction":0.01,"failure_fraction":0.1}
pragma: no-cache
report-to: {"group":"heroku-nel","endpoints":[{"url":"https://nel.heroku.com/reports?s=tz1de44qh2HgVacyCTAQLlvMSjTueYS%2FkLzDmzzgFLs%3D\u0026sid=e11707d5-02a7-43ef-b45e-2cf4d2036f7d\u0026ts=1772307138"}],"max_age":3600}
reporting-endpoints: heroku-nel="https://nel.heroku.com/reports?s=tz1de44qh2HgVacyCTAQLlvMSjTueYS%2FkLzDmzzgFLs%3D&sid=e11707d5-02a7-43ef-b45e-2cf4d2036f7d&ts=1772307138"
Server: cloudflare
vary: Origin, Accept-Encoding
via: 2.0 heroku-router
x-content-type-options: nosniff
x-powered-by: Express
x-ratelimit-limit: 1000
x-ratelimit-remaining: 990
x-ratelimit-reset: 1772307185
cf-cache-status: DYNAMIC
Content-Encoding: gzip
CF-RAY: 9d5258de0ac5636a-LHR
alt-svc: h3=":443"; ma=86400

{
    "id": 1,
    "title": "updated title",
    "body": "updated body",
    "userId": 1
}
HTTP/1.1 200 OK
Date: Sat, 28 Feb 2026 19:32:18 GMT
Content-Type: application/json; charset=utf-8
Transfer-Encoding: chunked
Connection: keep-alive
access-control-allow-credentials: true
Cache-Control: no-cache
etag: W/"52-0I7uxqYXL4aP1JJOrUCQMsAEdy8"
expires: -1
nel: {"report_to":"heroku-nel","response_headers":["Via"],"max_age":3600,"success_fraction":0.01,"failure_fraction":0.1}
pragma: no-cache
report-to: {"group":"heroku-nel","endpoints":[{"url":"https://nel.heroku.com/reports?s=tz1de44qh2HgVacyCTAQLlvMSjTueYS%2FkLzDmzzgFLs%3D\u0026sid=e11707d5-02a7-43ef-b45e-2cf4d2036f7d\u0026ts=1772307138"}],"max_age":3600}
reporting-endpoints: heroku-nel="https://nel.heroku.com/reports?s=tz1de44qh2HgVacyCTAQLlvMSjTueYS%2FkLzDmzzgFLs%3D&sid=e11707d5-02a7-43ef-b45e-2cf4d2036f7d&ts=1772307138"
Server: cloudflare
vary: Origin, Accept-Encoding
via: 2.0 heroku-router
x-content-type-options: nosniff
x-powered-by: Express
x-ratelimit-limit: 1000
x-ratelimit-remaining: 990
x-ratelimit-reset: 1772307185
cf-cache-status: DYNAMIC
Content-Encoding: gzip
CF-RAY: 9d5258de0ac5636a-LHR
alt-svc: h3=":443"; ma=86400

{
    "id": 1,
    "title": "updated title",
    "body": "updated body",
    "userId": 1
}
]]></system-out>
  </testcase>
  <testcase name="testUpdatePostWithJsonValidation" classname="com.api.automation.tests.PutTest" time="0.723">
    <system-out><![CDATA[Request method:	PUT
Request URI:	https://jsonplaceholder.typicode.com/posts/1
Proxy:			<none>
Request params:	<none>
Query params:	<none>
Form params:	<none>
Path params:	<none>
Headers:		Accept=*/*
				Content-Type=application/json
Cookies:		<none>
Multiparts:		<none>
Body:
{
    "id": 1,
    "title": "updated title",
    "body": "updated body",
    "userId": 1
}
Request method:	PUT
Request URI:	https://jsonplaceholder.typicode.com/posts/1
Proxy:			<none>
Request params:	<none>
Query params:	<none>
Form params:	<none>
Path params:	<none>
Headers:		Accept=*/*
				Content-Type=application/json
Cookies:		<none>
Multiparts:		<none>
Body:
{
    "id": 1,
    "title": "updated title",
    "body": "updated body",
    "userId": 1
}
Request method:	PUT
Request URI:	https://jsonplaceholder.typicode.com/posts/1
Proxy:			<none>
Request params:	<none>
Query params:	<none>
Form params:	<none>
Path params:	<none>
Headers:		Accept=*/*
				Content-Type=application/json
Cookies:		<none>
Multiparts:		<none>
Body:
{
    "id": 1,
    "title": "updated title",
    "body": "updated body",
    "userId": 1
}
Request method:	PUT
Request URI:	https://jsonplaceholder.typicode.com/posts/1
Proxy:			<none>
Request params:	<none>
Query params:	<none>
Form params:	<none>
Path params:	<none>
Headers:		Accept=*/*
				Content-Type=application/json
Cookies:		<none>
Multiparts:		<none>
Body:
{
    "id": 1,
    "title": "updated title",
    "body": "updated body",
    "userId": 1
}
Request method:	PUT
Request URI:	https://jsonplaceholder.typicode.com/posts/1
Proxy:			<none>
Request params:	<none>
Query params:	<none>
Form params:	<none>
Path params:	<none>
Headers:		Accept=*/*
				Content-Type=application/json
Cookies:		<none>
Multiparts:		<none>
Body:
{
    "id": 1,
    "title": "updated title",
    "body": "updated body",
    "userId": 1
}
Request method:	PUT
Request URI:	https://jsonplaceholder.typicode.com/posts/1
Proxy:			<none>
Request params:	<none>
Query params:	<none>
Form params:	<none>
Path params:	<none>
Headers:		Accept=*/*
				Content-Type=application/json
Cookies:		<none>
Multiparts:		<none>
Body:
{
    "id": 1,
    "title": "updated title",
    "body": "updated body",
    "userId": 1
}
Request method:	PUT
Request URI:	https://jsonplaceholder.typicode.com/posts/1
Proxy:			<none>
Request params:	<none>
Query params:	<none>
Form params:	<none>
Path params:	<none>
Headers:		Accept=*/*
				Content-Type=application/json
Cookies:		<none>
Multiparts:		<none>
Body:
{
    "id": 1,
    "title": "updated title",
    "body": "updated body",
    "userId": 1
}
Request method:	PUT
Request URI:	https://jsonplaceholder.typicode.com/posts/1
Proxy:			<none>
Request params:	<none>
Query params:	<none>
Form params:	<none>
Path params:	<none>
Headers:		Accept=*/*
				Content-Type=application/json
Cookies:		<none>
Multiparts:		<none>
Body:
{
    "id": 1,
    "title": "updated title",
    "body": "updated body",
    "userId": 1
}
Request method:	PUT
Request URI:	https://jsonplaceholder.typicode.com/posts/1
Proxy:			<none>
Request params:	<none>
Query params:	<none>
Form params:	<none>
Path params:	<none>
Headers:		Accept=*/*
				Content-Type=application/json
Cookies:		<none>
Multiparts:		<none>
Body:
{
    "id": 1,
    "title": "updated title",
    "body": "updated body",
    "userId": 1
}
Request method:	PUT
Request URI:	https://jsonplaceholder.typicode.com/posts/1
Proxy:			<none>
Request params:	<none>
Query params:	<none>
Form params:	<none>
Path params:	<none>
Headers:		Accept=*/*
				Content-Type=application/json
Cookies:		<none>
Multiparts:		<none>
Body:
{
    "id": 1,
    "title": "updated title",
    "body": "updated body",
    "userId": 1
}
Request method:	PUT
Request URI:	https://jsonplaceholder.typicode.com/posts/1
Proxy:			<none>
Request params:	<none>
Query params:	<none>
Form params:	<none>
Path params:	<none>
Headers:		Accept=*/*
				Content-Type=application/json
Cookies:		<none>
Multiparts:		<none>
Body:
{
    "id": 1,
    "title": "updated title",
    "body": "updated body",
    "userId": 1
}
Request method:	PUT
Request URI:	https://jsonplaceholder.typicode.com/posts/1
Proxy:			<none>
Request params:	<none>
Query params:	<none>
Form params:	<none>
Path params:	<none>
Headers:		Accept=*/*
				Content-Type=application/json
Cookies:		<none>
Multiparts:		<none>
Body:
{
    "id": 1,
    "title": "updated title",
    "body": "updated body",
    "userId": 1
}
Request method:	PUT
Request URI:	https://jsonplaceholder.typicode.com/posts/1
Proxy:			<none>
Request params:	<none>
Query params:	<none>
Form params:	<none>
Path params:	<none>
Headers:		Accept=*/*
				Content-Type=application/json
Cookies:		<none>
Multiparts:		<none>
Body:
{
    "id": 1,
    "title": "updated title",
    "body": "updated body",
    "userId": 1
}
Request method:	PUT
Request URI:	https://jsonplaceholder.typicode.com/posts/1
Proxy:			<none>
Request params:	<none>
Query params:	<none>
Form params:	<none>
Path params:	<none>
Headers:		Accept=*/*
				Content-Type=application/json
Cookies:		<none>
Multiparts:		<none>
Body:
{
    "id": 1,
    "title": "updated title",
    "body": "updated body",
    "userId": 1
}
Request method:	PUT
Request URI:	https://jsonplaceholder.typicode.com/posts/1
Proxy:			<none>
Request params:	<none>
Query params:	<none>
Form params:	<none>
Path params:	<none>
Headers:		Accept=*/*
				Content-Type=application/json
Cookies:		<none>
Multiparts:		<none>
Body:
{
    "id": 1,
    "title": "updated title",
    "body": "updated body",
    "userId": 1
}
Request method:	PUT
Request URI:	https://jsonplaceholder.typicode.com/posts/1
Proxy:			<none>
Request params:	<none>
Query params:	<none>
Form params:	<none>
Path params:	<none>
Headers:		Accept=*/*
				Content-Type=application/json
Cookies:		<none>
Multiparts:		<none>
Body:
{
    "id": 1,
    "title": "updated title",
    "body": "updated body",
    "userId": 1
}
Request method:	PUT
Request URI:	https://jsonplaceholder.typicode.com/posts/1
Proxy:			<none>
Request params:	<none>
Query params:	<none>
Form params:	<none>
Path params:	<none>
Headers:		Accept=*/*
				Content-Type=application/json
Cookies:		<none>
Multiparts:		<none>
Body:
{
    "id": 1,
    "title": "updated title",
    "body": "updated body",
    "userId": 1
}
Request method:	PUT
Request URI:	https://jsonplaceholder.typicode.com/posts/1
Proxy:			<none>
Request params:	<none>
Query params:	<none>
Form params:	<none>
Path params:	<none>
Headers:		Accept=*/*
				Content-Type=application/json
Cookies:		<none>
Multiparts:		<none>
Body:
{
    "id": 1,
    "title": "updated title",
    "body": "updated body",
    "userId": 1
}
HTTP/1.1 200 OK
Date: Sat, 28 Feb 2026 19:32:19 GMT
Content-Type: application/json; charset=utf-8
Transfer-Encoding: chunked
Connection: keep-alive
access-control-allow-credentials: true
Cache-Control: no-cache
etag: W/"52-0I7uxqYXL4aP1JJOrUCQMsAEdy8"
expires: -1
nel: {"report_to":"heroku-nel","response_headers":["Via"],"max_age":3600,"success_fraction":0.01,"failure_fraction":0.1}
pragma: no-cache
report-to: {"group":"heroku-nel","endpoints":[{"url":"https://nel.heroku.com/reports?s=tz1de44qh2HgVacyCTAQLlvMSjTueYS%2FkLzDmzzgFLs%3D\u0026sid=e11707d5-02a7-43ef-b45e-2cf4d2036f7d\u0026ts=1772307138"}],"max_age":3600}
reporting-endpoints: heroku-nel="https://nel.heroku.com/reports?s=tz1de44qh2HgVacyCTAQLlvMSjTueYS%2FkLzDmzzgFLs%3D&sid=e11707d5-02a7-43ef-b45e-2cf4d2036f7d&ts=1772307138"
Server: cloudflare
vary: Origin, Accept-Encoding
via: 2.0 heroku-router
x-content-type-options: nosniff
x-powered-by: Express
x-ratelimit-limit: 1000
x-ratelimit-remaining: 989
x-ratelimit-reset: 1772307185
cf-cache-status: DYNAMIC
Content-Encoding: gzip
CF-RAY: 9d5258e25aeb7e34-LHR
alt-svc: h3=":443"; ma=86400

{
    "id": 1,
    "title": "updated title",
    "body": "updated body",
    "userId": 1
}
HTTP/1.1 200 OK
Date: Sat, 28 Feb 2026 19:32:19 GMT
Content-Type: application/json; charset=utf-8
Transfer-Encoding: chunked
Connection: keep-alive
access-control-allow-credentials: true
Cache-Control: no-cache
etag: W/"52-0I7uxqYXL4aP1JJOrUCQMsAEdy8"
expires: -1
nel: {"report_to":"heroku-nel","response_headers":["Via"],"max_age":3600,"success_fraction":0.01,"failure_fraction":0.1}
pragma: no-cache
report-to: {"group":"heroku-nel","endpoints":[{"url":"https://nel.heroku.com/reports?s=tz1de44qh2HgVacyCTAQLlvMSjTueYS%2FkLzDmzzgFLs%3D\u0026sid=e11707d5-02a7-43ef-b45e-2cf4d2036f7d\u0026ts=1772307138"}],"max_age":3600}
reporting-endpoints: heroku-nel="https://nel.heroku.com/reports?s=tz1de44qh2HgVacyCTAQLlvMSjTueYS%2FkLzDmzzgFLs%3D&sid=e11707d5-02a7-43ef-b45e-2cf4d2036f7d&ts=1772307138"
Server: cloudflare
vary: Origin, Accept-Encoding
via: 2.0 heroku-router
x-content-type-options: nosniff
x-powered-by: Express
x-ratelimit-limit: 1000
x-ratelimit-remaining: 989
x-ratelimit-reset: 1772307185
cf-cache-status: DYNAMIC
Content-Encoding: gzip
CF-RAY: 9d5258e25aeb7e34-LHR
alt-svc: h3=":443"; ma=86400

{
    "id": 1,
    "title": "updated title",
    "body": "updated body",
    "userId": 1
}
HTTP/1.1 200 OK
Date: Sat, 28 Feb 2026 19:32:19 GMT
Content-Type: application/json; charset=utf-8
Transfer-Encoding: chunked
Connection: keep-alive
access-control-allow-credentials: true
Cache-Control: no-cache
etag: W/"52-0I7uxqYXL4aP1JJOrUCQMsAEdy8"
expires: -1
nel: {"report_to":"heroku-nel","response_headers":["Via"],"max_age":3600,"success_fraction":0.01,"failure_fraction":0.1}
pragma: no-cache
report-to: {"group":"heroku-nel","endpoints":[{"url":"https://nel.heroku.com/reports?s=tz1de44qh2HgVacyCTAQLlvMSjTueYS%2FkLzDmzzgFLs%3D\u0026sid=e11707d5-02a7-43ef-b45e-2cf4d2036f7d\u0026ts=1772307138"}],"max_age":3600}
reporting-endpoints: heroku-nel="https://nel.heroku.com/reports?s=tz1de44qh2HgVacyCTAQLlvMSjTueYS%2FkLzDmzzgFLs%3D&sid=e11707d5-02a7-43ef-b45e-2cf4d2036f7d&ts=1772307138"
Server: cloudflare
vary: Origin, Accept-Encoding
via: 2.0 heroku-router
x-content-type-options: nosniff
x-powered-by: Express
x-ratelimit-limit: 1000
x-ratelimit-remaining: 989
x-ratelimit-reset: 1772307185
cf-cache-status: DYNAMIC
Content-Encoding: gzip
CF-RAY: 9d5258e25aeb7e34-LHR
alt-svc: h3=":443"; ma=86400

{
    "id": 1,
    "title": "updated title",
    "body": "updated body",
    "userId": 1
}
HTTP/1.1 200 OK
Date: Sat, 28 Feb 2026 19:32:19 GMT
Content-Type: application/json; charset=utf-8
Transfer-Encoding: chunked
Connection: keep-alive
access-control-allow-credentials: true
Cache-Control: no-cache
etag: W/"52-0I7uxqYXL4aP1JJOrUCQMsAEdy8"
expires: -1
nel: {"report_to":"heroku-nel","response_headers":["Via"],"max_age":3600,"success_fraction":0.01,"failure_fraction":0.1}
pragma: no-cache
report-to: {"group":"heroku-nel","endpoints":[{"url":"https://nel.heroku.com/reports?s=tz1de44qh2HgVacyCTAQLlvMSjTueYS%2FkLzDmzzgFLs%3D\u0026sid=e11707d5-02a7-43ef-b45e-2cf4d2036f7d\u0026ts=1772307138"}],"max_age":3600}
reporting-endpoints: heroku-nel="https://nel.heroku.com/reports?s=tz1de44qh2HgVacyCTAQLlvMSjTueYS%2FkLzDmzzgFLs%3D&sid=e11707d5-02a7-43ef-b45e-2cf4d2036f7d&ts=1772307138"
Server: cloudflare
vary: Origin, Accept-Encoding
via: 2.0 heroku-router
x-content-type-options: nosniff
x-powered-by: Express
x-ratelimit-limit: 1000
x-ratelimit-remaining: 989
x-ratelimit-reset: 1772307185
cf-cache-status: DYNAMIC
Content-Encoding: gzip
CF-RAY: 9d5258e25aeb7e34-LHR
alt-svc: h3=":443"; ma=86400

{
    "id": 1,
    "title": "updated title",
    "body": "updated body",
    "userId": 1
}
HTTP/1.1 200 OK
Date: Sat, 28 Feb 2026 19:32:19 GMT
Content-Type: application/json; charset=utf-8
Transfer-Encoding: chunked
Connection: keep-alive
access-control-allow-credentials: true
Cache-Control: no-cache
etag: W/"52-0I7uxqYXL4aP1JJOrUCQMsAEdy8"
expires: -1
nel: {"report_to":"heroku-nel","response_headers":["Via"],"max_age":3600,"success_fraction":0.01,"failure_fraction":0.1}
pragma: no-cache
report-to: {"group":"heroku-nel","endpoints":[{"url":"https://nel.heroku.com/reports?s=tz1de44qh2HgVacyCTAQLlvMSjTueYS%2FkLzDmzzgFLs%3D\u0026sid=e11707d5-02a7-43ef-b45e-2cf4d2036f7d\u0026ts=1772307138"}],"max_age":3600}
reporting-endpoints: heroku-nel="https://nel.heroku.com/reports?s=tz1de44qh2HgVacyCTAQLlvMSjTueYS%2FkLzDmzzgFLs%3D&sid=e11707d5-02a7-43ef-b45e-2cf4d2036f7d&ts=1772307138"
Server: cloudflare
vary: Origin, Accept-Encoding
via: 2.0 heroku-router
x-content-type-options: nosniff
x-powered-by: Express
x-ratelimit-limit: 1000
x-ratelimit-remaining: 989
x-ratelimit-reset: 1772307185
cf-cache-status: DYNAMIC
Content-Encoding: gzip
CF-RAY: 9d5258e25aeb7e34-LHR
alt-svc: h3=":443"; ma=86400

{
    "id": 1,
    "title": "updated title",
    "body": "updated body",
    "userId": 1
}
HTTP/1.1 200 OK
Date: Sat, 28 Feb 2026 19:32:19 GMT
Content-Type: application/json; charset=utf-8
Transfer-Encoding: chunked
Connection: keep-alive
access-control-allow-credentials: true
Cache-Control: no-cache
etag: W/"52-0I7uxqYXL4aP1JJOrUCQMsAEdy8"
expires: -1
nel: {"report_to":"heroku-nel","response_headers":["Via"],"max_age":3600,"success_fraction":0.01,"failure_fraction":0.1}
pragma: no-cache
report-to: {"group":"heroku-nel","endpoints":[{"url":"https://nel.heroku.com/reports?s=tz1de44qh2HgVacyCTAQLlvMSjTueYS%2FkLzDmzzgFLs%3D\u0026sid=e11707d5-02a7-43ef-b45e-2cf4d2036f7d\u0026ts=1772307138"}],"max_age":3600}
reporting-endpoints: heroku-nel="https://nel.heroku.com/reports?s=tz1de44qh2HgVacyCTAQLlvMSjTueYS%2FkLzDmzzgFLs%3D&sid=e11707d5-02a7-43ef-b45e-2cf4d2036f7d&ts=1772307138"
Server: cloudflare
vary: Origin, Accept-Encoding
via: 2.0 heroku-router
x-content-type-options: nosniff
x-powered-by: Express
x-ratelimit-limit: 1000
x-ratelimit-remaining: 989
x-ratelimit-reset: 1772307185
cf-cache-status: DYNAMIC
Content-Encoding: gzip
CF-RAY: 9d5258e25aeb7e34-LHR
alt-svc: h3=":443"; ma=86400

{
    "id": 1,
    "title": "updated title",
    "body": "updated body",
    "userId": 1
}
HTTP/1.1 200 OK
Date: Sat, 28 Feb 2026 19:32:19 GMT
Content-Type: application/json; charset=utf-8
Transfer-Encoding: chunked
Connection: keep-alive
access-control-allow-credentials: true
Cache-Control: no-cache
etag: W/"52-0I7uxqYXL4aP1JJOrUCQMsAEdy8"
expires: -1
nel: {"report_to":"heroku-nel","response_headers":["Via"],"max_age":3600,"success_fraction":0.01,"failure_fraction":0.1}
pragma: no-cache
report-to: {"group":"heroku-nel","endpoints":[{"url":"https://nel.heroku.com/reports?s=tz1de44qh2HgVacyCTAQLlvMSjTueYS%2FkLzDmzzgFLs%3D\u0026sid=e11707d5-02a7-43ef-b45e-2cf4d2036f7d\u0026ts=1772307138"}],"max_age":3600}
reporting-endpoints: heroku-nel="https://nel.heroku.com/reports?s=tz1de44qh2HgVacyCTAQLlvMSjTueYS%2FkLzDmzzgFLs%3D&sid=e11707d5-02a7-43ef-b45e-2cf4d2036f7d&ts=1772307138"
Server: cloudflare
vary: Origin, Accept-Encoding
via: 2.0 heroku-router
x-content-type-options: nosniff
x-powered-by: Express
x-ratelimit-limit: 1000
x-ratelimit-remaining: 989
x-ratelimit-reset: 1772307185
cf-cache-status: DYNAMIC
Content-Encoding: gzip
CF-RAY: 9d5258e25aeb7e34-LHR
alt-svc: h3=":443"; ma=86400

{
    "id": 1,
    "title": "updated title",
    "body": "updated body",
    "userId": 1
}
HTTP/1.1 200 OK
Date: Sat, 28 Feb 2026 19:32:19 GMT
Content-Type: application/json; charset=utf-8
Transfer-Encoding: chunked
Connection: keep-alive
access-control-allow-credentials: true
Cache-Control: no-cache
etag: W/"52-0I7uxqYXL4aP1JJOrUCQMsAEdy8"
expires: -1
nel: {"report_to":"heroku-nel","response_headers":["Via"],"max_age":3600,"success_fraction":0.01,"failure_fraction":0.1}
pragma: no-cache
report-to: {"group":"heroku-nel","endpoints":[{"url":"https://nel.heroku.com/reports?s=tz1de44qh2HgVacyCTAQLlvMSjTueYS%2FkLzDmzzgFLs%3D\u0026sid=e11707d5-02a7-43ef-b45e-2cf4d2036f7d\u0026ts=1772307138"}],"max_age":3600}
reporting-endpoints: heroku-nel="https://nel.heroku.com/reports?s=tz1de44qh2HgVacyCTAQLlvMSjTueYS%2FkLzDmzzgFLs%3D&sid=e11707d5-02a7-43ef-b45e-2cf4d2036f7d&ts=1772307138"
Server: cloudflare
vary: Origin, Accept-Encoding
via: 2.0 heroku-router
x-content-type-options: nosniff
x-powered-by: Express
x-ratelimit-limit: 1000
x-ratelimit-remaining: 989
x-ratelimit-reset: 1772307185
cf-cache-status: DYNAMIC
Content-Encoding: gzip
CF-RAY: 9d5258e25aeb7e34-LHR
alt-svc: h3=":443"; ma=86400

{
    "id": 1,
    "title": "updated title",
    "body": "updated body",
    "userId": 1
}
HTTP/1.1 200 OK
Date: Sat, 28 Feb 2026 19:32:19 GMT
Content-Type: application/json; charset=utf-8
Transfer-Encoding: chunked
Connection: keep-alive
access-control-allow-credentials: true
Cache-Control: no-cache
etag: W/"52-0I7uxqYXL4aP1JJOrUCQMsAEdy8"
expires: -1
nel: {"report_to":"heroku-nel","response_headers":["Via"],"max_age":3600,"success_fraction":0.01,"failure_fraction":0.1}
pragma: no-cache
report-to: {"group":"heroku-nel","endpoints":[{"url":"https://nel.heroku.com/reports?s=tz1de44qh2HgVacyCTAQLlvMSjTueYS%2FkLzDmzzgFLs%3D\u0026sid=e11707d5-02a7-43ef-b45e-2cf4d2036f7d\u0026ts=1772307138"}],"max_age":3600}
reporting-endpoints: heroku-nel="https://nel.heroku.com/reports?s=tz1de44qh2HgVacyCTAQLlvMSjTueYS%2FkLzDmzzgFLs%3D&sid=e11707d5-02a7-43ef-b45e-2cf4d2036f7d&ts=1772307138"
Server: cloudflare
vary: Origin, Accept-Encoding
via: 2.0 heroku-router
x-content-type-options: nosniff
x-powered-by: Express
x-ratelimit-limit: 1000
x-ratelimit-remaining: 989
x-ratelimit-reset: 1772307185
cf-cache-status: DYNAMIC
Content-Encoding: gzip
CF-RAY: 9d5258e25aeb7e34-LHR
alt-svc: h3=":443"; ma=86400

{
    "id": 1,
    "title": "updated title",
    "body": "updated body",
    "userId": 1
}
HTTP/1.1 200 OK
Date: Sat, 28 Feb 2026 19:32:19 GMT
Content-Type: application/json; charset=utf-8
Transfer-Encoding: chunked
Connection: keep-alive
access-control-allow-credentials: true
Cache-Control: no-cache
etag: W/"52-0I7uxqYXL4aP1JJOrUCQMsAEdy8"
expires: -1
nel: {"report_to":"heroku-nel","response_headers":["Via"],"max_age":3600,"success_fraction":0.01,"failure_fraction":0.1}
pragma: no-cache
report-to: {"group":"heroku-nel","endpoints":[{"url":"https://nel.heroku.com/reports?s=tz1de44qh2HgVacyCTAQLlvMSjTueYS%2FkLzDmzzgFLs%3D\u0026sid=e11707d5-02a7-43ef-b45e-2cf4d2036f7d\u0026ts=1772307138"}],"max_age":3600}
reporting-endpoints: heroku-nel="https://nel.heroku.com/reports?s=tz1de44qh2HgVacyCTAQLlvMSjTueYS%2FkLzDmzzgFLs%3D&sid=e11707d5-02a7-43ef-b45e-2cf4d2036f7d&ts=1772307138"
Server: cloudflare
vary: Origin, Accept-Encoding
via: 2.0 heroku-router
x-content-type-options: nosniff
x-powered-by: Express
x-ratelimit-limit: 1000
x-ratelimit-remaining: 989
x-ratelimit-reset: 1772307185
cf-cache-status: DYNAMIC
Content-Encoding: gzip
CF-RAY: 9d5258e25aeb7e34-LHR
alt-svc: h3=":443"; ma=86400

{
    "id": 1,
    "title": "updated title",
    "body": "updated body",
    "userId": 1
}
HTTP/1.1 200 OK
Date: Sat, 28 Feb 2026 19:32:19 GMT
Content-Type: application/json; charset=utf-8
Transfer-Encoding: chunked
Connection: keep-alive
access-control-allow-credentials: true
Cache-Control: no-cache
etag: W/"52-0I7uxqYXL4aP1JJOrUCQMsAEdy8"
expires: -1
nel: {"report_to":"heroku-nel","response_headers":["Via"],"max_age":3600,"success_fraction":0.01,"failure_fraction":0.1}
pragma: no-cache
report-to: {"group":"heroku-nel","endpoints":[{"url":"https://nel.heroku.com/reports?s=tz1de44qh2HgVacyCTAQLlvMSjTueYS%2FkLzDmzzgFLs%3D\u0026sid=e11707d5-02a7-43ef-b45e-2cf4d2036f7d\u0026ts=1772307138"}],"max_age":3600}
reporting-endpoints: heroku-nel="https://nel.heroku.com/reports?s=tz1de44qh2HgVacyCTAQLlvMSjTueYS%2FkLzDmzzgFLs%3D&sid=e11707d5-02a7-43ef-b45e-2cf4d2036f7d&ts=1772307138"
Server: cloudflare
vary: Origin, Accept-Encoding
via: 2.0 heroku-router
x-content-type-options: nosniff
x-powered-by: Express
x-ratelimit-limit: 1000
x-ratelimit-remaining: 989
x-ratelimit-reset: 1772307185
cf-cache-status: DYNAMIC
Content-Encoding: gzip
CF-RAY: 9d5258e25aeb7e34-LHR
alt-svc: h3=":443"; ma=86400

{
    "id": 1,
    "title": "updated title",
    "body": "updated body",
    "userId": 1
}
HTTP/1.1 200 OK
Date: Sat, 28 Feb 2026 19:32:19 GMT
Content-Type: application/json; charset=utf-8
Transfer-Encoding: chunked
Connection: keep-alive
access-control-allow-credentials: true
Cache-Control: no-cache
etag: W/"52-0I7uxqYXL4aP1JJOrUCQMsAEdy8"
expires: -1
nel: {"report_to":"heroku-nel","response_headers":["Via"],"max_age":3600,"success_fraction":0.01,"failure_fraction":0.1}
pragma: no-cache
report-to: {"group":"heroku-nel","endpoints":[{"url":"https://nel.heroku.com/reports?s=tz1de44qh2HgVacyCTAQLlvMSjTueYS%2FkLzDmzzgFLs%3D\u0026sid=e11707d5-02a7-43ef-b45e-2cf4d2036f7d\u0026ts=1772307138"}],"max_age":3600}
reporting-endpoints: heroku-nel="https://nel.heroku.com/reports?s=tz1de44qh2HgVacyCTAQLlvMSjTueYS%2FkLzDmzzgFLs%3D&sid=e11707d5-02a7-43ef-b45e-2cf4d2036f7d&ts=1772307138"
Server: cloudflare
vary: Origin, Accept-Encoding
via: 2.0 heroku-router
x-content-type-options: nosniff
x-powered-by: Express
x-ratelimit-limit: 1000
x-ratelimit-remaining: 989
x-ratelimit-reset: 1772307185
cf-cache-status: DYNAMIC
Content-Encoding: gzip
CF-RAY: 9d5258e25aeb7e34-LHR
alt-svc: h3=":443"; ma=86400

{
    "id": 1,
    "title": "updated title",
    "body": "updated body",
    "userId": 1
}
HTTP/1.1 200 OK
Date: Sat, 28 Feb 2026 19:32:19 GMT
Content-Type: application/json; charset=utf-8
Transfer-Encoding: chunked
Connection: keep-alive
access-control-allow-credentials: true
Cache-Control: no-cache
etag: W/"52-0I7uxqYXL4aP1JJOrUCQMsAEdy8"
expires: -1
nel: {"report_to":"heroku-nel","response_headers":["Via"],"max_age":3600,"success_fraction":0.01,"failure_fraction":0.1}
pragma: no-cache
report-to: {"group":"heroku-nel","endpoints":[{"url":"https://nel.heroku.com/reports?s=tz1de44qh2HgVacyCTAQLlvMSjTueYS%2FkLzDmzzgFLs%3D\u0026sid=e11707d5-02a7-43ef-b45e-2cf4d2036f7d\u0026ts=1772307138"}],"max_age":3600}
reporting-endpoints: heroku-nel="https://nel.heroku.com/reports?s=tz1de44qh2HgVacyCTAQLlvMSjTueYS%2FkLzDmzzgFLs%3D&sid=e11707d5-02a7-43ef-b45e-2cf4d2036f7d&ts=1772307138"
Server: cloudflare
vary: Origin, Accept-Encoding
via: 2.0 heroku-router
x-content-type-options: nosniff
x-powered-by: Express
x-ratelimit-limit: 1000
x-ratelimit-remaining: 989
x-ratelimit-reset: 1772307185
cf-cache-status: DYNAMIC
Content-Encoding: gzip
CF-RAY: 9d5258e25aeb7e34-LHR
alt-svc: h3=":443"; ma=86400

{
    "id": 1,
    "title": "updated title",
    "body": "updated body",
    "userId": 1
}
HTTP/1.1 200 OK
Date: Sat, 28 Feb 2026 19:32:19 GMT
Content-Type: application/json; charset=utf-8
Transfer-Encoding: chunked
Connection: keep-alive
access-control-allow-credentials: true
Cache-Control: no-cache
etag: W/"52-0I7uxqYXL4aP1JJOrUCQMsAEdy8"
expires: -1
nel: {"report_to":"heroku-nel","response_headers":["Via"],"max_age":3600,"success_fraction":0.01,"failure_fraction":0.1}
pragma: no-cache
report-to: {"group":"heroku-nel","endpoints":[{"url":"https://nel.heroku.com/reports?s=tz1de44qh2HgVacyCTAQLlvMSjTueYS%2FkLzDmzzgFLs%3D\u0026sid=e11707d5-02a7-43ef-b45e-2cf4d2036f7d\u0026ts=1772307138"}],"max_age":3600}
reporting-endpoints: heroku-nel="https://nel.heroku.com/reports?s=tz1de44qh2HgVacyCTAQLlvMSjTueYS%2FkLzDmzzgFLs%3D&sid=e11707d5-02a7-43ef-b45e-2cf4d2036f7d&ts=1772307138"
Server: cloudflare
vary: Origin, Accept-Encoding
via: 2.0 heroku-router
x-content-type-options: nosniff
x-powered-by: Express
x-ratelimit-limit: 1000
x-ratelimit-remaining: 989
x-ratelimit-reset: 1772307185
cf-cache-status: DYNAMIC
Content-Encoding: gzip
CF-RAY: 9d5258e25aeb7e34-LHR
alt-svc: h3=":443"; ma=86400

{
    "id": 1,
    "title": "updated title",
    "body": "updated body",
    "userId": 1
}
HTTP/1.1 200 OK
Date: Sat, 28 Feb 2026 19:32:19 GMT
Content-Type: application/json; charset=utf-8
Transfer-Encoding: chunked
Connection: keep-alive
access-control-allow-credentials: true
Cache-Control: no-cache
etag: W/"52-0I7uxqYXL4aP1JJOrUCQMsAEdy8"
expires: -1
nel: {"report_to":"heroku-nel","response_headers":["Via"],"max_age":3600,"success_fraction":0.01,"failure_fraction":0.1}
pragma: no-cache
report-to: {"group":"heroku-nel","endpoints":[{"url":"https://nel.heroku.com/reports?s=tz1de44qh2HgVacyCTAQLlvMSjTueYS%2FkLzDmzzgFLs%3D\u0026sid=e11707d5-02a7-43ef-b45e-2cf4d2036f7d\u0026ts=1772307138"}],"max_age":3600}
reporting-endpoints: heroku-nel="https://nel.heroku.com/reports?s=tz1de44qh2HgVacyCTAQLlvMSjTueYS%2FkLzDmzzgFLs%3D&sid=e11707d5-02a7-43ef-b45e-2cf4d2036f7d&ts=1772307138"
Server: cloudflare
vary: Origin, Accept-Encoding
via: 2.0 heroku-router
x-content-type-options: nosniff
x-powered-by: Express
x-ratelimit-limit: 1000
x-ratelimit-remaining: 989
x-ratelimit-reset: 1772307185
cf-cache-status: DYNAMIC
Content-Encoding: gzip
CF-RAY: 9d5258e25aeb7e34-LHR
alt-svc: h3=":443"; ma=86400

{
    "id": 1,
    "title": "updated title",
    "body": "updated body",
    "userId": 1
}
HTTP/1.1 200 OK
Date: Sat, 28 Feb 2026 19:32:19 GMT
Content-Type: application/json; charset=utf-8
Transfer-Encoding: chunked
Connection: keep-alive
access-control-allow-credentials: true
Cache-Control: no-cache
etag: W/"52-0I7uxqYXL4aP1JJOrUCQMsAEdy8"
expires: -1
nel: {"report_to":"heroku-nel","response_headers":["Via"],"max_age":3600,"success_fraction":0.01,"failure_fraction":0.1}
pragma: no-cache
report-to: {"group":"heroku-nel","endpoints":[{"url":"https://nel.heroku.com/reports?s=tz1de44qh2HgVacyCTAQLlvMSjTueYS%2FkLzDmzzgFLs%3D\u0026sid=e11707d5-02a7-43ef-b45e-2cf4d2036f7d\u0026ts=1772307138"}],"max_age":3600}
reporting-endpoints: heroku-nel="https://nel.heroku.com/reports?s=tz1de44qh2HgVacyCTAQLlvMSjTueYS%2FkLzDmzzgFLs%3D&sid=e11707d5-02a7-43ef-b45e-2cf4d2036f7d&ts=1772307138"
Server: cloudflare
vary: Origin, Accept-Encoding
via: 2.0 heroku-router
x-content-type-options: nosniff
x-powered-by: Express
x-ratelimit-limit: 1000
x-ratelimit-remaining: 989
x-ratelimit-reset: 1772307185
cf-cache-status: DYNAMIC
Content-Encoding: gzip
CF-RAY: 9d5258e25aeb7e34-LHR
alt-svc: h3=":443"; ma=86400

{
    "id": 1,
    "title": "updated title",
    "body": "updated body",
    "userId": 1
}
HTTP/1.1 200 OK
Date: Sat, 28 Feb 2026 19:32:19 GMT
Content-Type: application/json; charset=utf-8
Transfer-Encoding: chunked
Connection: keep-alive
access-control-allow-credentials: true
Cache-Control: no-cache
etag: W/"52-0I7uxqYXL4aP1JJOrUCQMsAEdy8"
expires: -1
nel: {"report_to":"heroku-nel","response_headers":["Via"],"max_age":3600,"success_fraction":0.01,"failure_fraction":0.1}
pragma: no-cache
report-to: {"group":"heroku-nel","endpoints":[{"url":"https://nel.heroku.com/reports?s=tz1de44qh2HgVacyCTAQLlvMSjTueYS%2FkLzDmzzgFLs%3D\u0026sid=e11707d5-02a7-43ef-b45e-2cf4d2036f7d\u0026ts=1772307138"}],"max_age":3600}
reporting-endpoints: heroku-nel="https://nel.heroku.com/reports?s=tz1de44qh2HgVacyCTAQLlvMSjTueYS%2FkLzDmzzgFLs%3D&sid=e11707d5-02a7-43ef-b45e-2cf4d2036f7d&ts=1772307138"
Server: cloudflare
vary: Origin, Accept-Encoding
via: 2.0 heroku-router
x-content-type-options: nosniff
x-powered-by: Express
x-ratelimit-limit: 1000
x-ratelimit-remaining: 989
x-ratelimit-reset: 1772307185
cf-cache-status: DYNAMIC
Content-Encoding: gzip
CF-RAY: 9d5258e25aeb7e34-LHR
alt-svc: h3=":443"; ma=86400

{
    "id": 1,
    "title": "updated title",
    "body": "updated body",
    "userId": 1
}
HTTP/1.1 200 OK
Date: Sat, 28 Feb 2026 19:32:19 GMT
Content-Type: application/json; charset=utf-8
Transfer-Encoding: chunked
Connection: keep-alive
access-control-allow-credentials: true
Cache-Control: no-cache
etag: W/"52-0I7uxqYXL4aP1JJOrUCQMsAEdy8"
expires: -1
nel: {"report_to":"heroku-nel","response_headers":["Via"],"max_age":3600,"success_fraction":0.01,"failure_fraction":0.1}
pragma: no-cache
report-to: {"group":"heroku-nel","endpoints":[{"url":"https://nel.heroku.com/reports?s=tz1de44qh2HgVacyCTAQLlvMSjTueYS%2FkLzDmzzgFLs%3D\u0026sid=e11707d5-02a7-43ef-b45e-2cf4d2036f7d\u0026ts=1772307138"}],"max_age":3600}
[...]
reporting-endpoints: heroku-nel="https://nel.heroku.com/reports?s=E%2FRRvtgnA48yHgV4kkwPXrGx8%2FkMj33ePqCbeolKdd4%3D&sid=e11707d5-02a7-43ef-b45e-2cf4d2036f7d&ts=1772307140"
Server: cloudflare
vary: Origin, Accept-Encoding
via: 2.0 heroku-router
x-content-type-options: nosniff
x-powered-by: Express
x-ratelimit-limit: 1000
x-ratelimit-remaining: 987
x-ratelimit-reset: 1772307185
cf-cache-status: DYNAMIC
Content-Encoding: gzip
CF-RAY: 9d5258ed9ec9f650-LHR
alt-svc: h3=":443"; ma=86400

{
    "id": 1,
    "title": "updated title",
    "body": "updated body",
    "userId": 1
}
HTTP/1.1 200 OK
Date: Sat, 28 Feb 2026 19:32:20 GMT
Content-Type: application/json; charset=utf-8
Transfer-Encoding: chunked
Connection: keep-alive
access-control-allow-credentials: true
Cache-Control: no-cache
etag: W/"52-0I7uxqYXL4aP1JJOrUCQMsAEdy8"
expires: -1
nel: {"report_to":"heroku-nel","response_headers":["Via"],"max_age":3600,"success_fraction":0.01,"failure_fraction":0.1}
pragma: no-cache
report-to: {"group":"heroku-nel","endpoints":[{"url":"https://nel.heroku.com/reports?s=E%2FRRvtgnA48yHgV4kkwPXrGx8%2FkMj33ePqCbeolKdd4%3D\u0026sid=e11707d5-02a7-43ef-b45e-2cf4d2036f7d\u0026ts=1772307140"}],"max_age":3600}
reporting-endpoints: heroku-nel="https://nel.heroku.com/reports?s=E%2FRRvtgnA48yHgV4kkwPXrGx8%2FkMj33ePqCbeolKdd4%3D&sid=e11707d5-02a7-43ef-b45e-2cf4d2036f7d&ts=1772307140"
Server: cloudflare
vary: Origin, Accept-Encoding
via: 2.0 heroku-router
x-content-type-options: nosniff
x-powered-by: Express
x-ratelimit-limit: 1000
x-ratelimit-remaining: 987
x-ratelimit-reset: 1772307185
cf-cache-status: DYNAMIC
Content-Encoding: gzip
CF-RAY: 9d5258ed9ec9f650-LHR
alt-svc: h3=":443"; ma=86400

{
    "id": 1,
    "title": "updated title",
    "body": "updated body",
    "userId": 1
}
HTTP/1.1 200 OK
Date: Sat, 28 Feb 2026 19:32:20 GMT
Content-Type: application/json; charset=utf-8
Transfer-Encoding: chunked
Connection: keep-alive
access-control-allow-credentials: true
Cache-Control: no-cache
etag: W/"52-0I7uxqYXL4aP1JJOrUCQMsAEdy8"
expires: -1
nel: {"report_to":"heroku-nel","response_headers":["Via"],"max_age":3600,"success_fraction":0.01,"failure_fraction":0.1}
pragma: no-cache
report-to: {"group":"heroku-nel","endpoints":[{"url":"https://nel.heroku.com/reports?s=E%2FRRvtgnA48yHgV4kkwPXrGx8%2FkMj33ePqCbeolKdd4%3D\u0026sid=e11707d5-02a7-43ef-b45e-2cf4d2036f7d\u0026ts=1772307140"}],"max_age":3600}
reporting-endpoints: heroku-nel="https://nel.heroku.com/reports?s=E%2FRRvtgnA48yHgV4kkwPXrGx8%2FkMj33ePqCbeolKdd4%3D&sid=e11707d5-02a7-43ef-b45e-2cf4d2036f7d&ts=1772307140"
Server: cloudflare
vary: Origin, Accept-Encoding
via: 2.0 heroku-router
x-content-type-options: nosniff
x-powered-by: Express
x-ratelimit-limit: 1000
x-ratelimit-remaining: 987
x-ratelimit-reset: 1772307185
cf-cache-status: DYNAMIC
Content-Encoding: gzip
CF-RAY: 9d5258ed9ec9f650-LHR
alt-svc: h3=":443"; ma=86400

{
    "id": 1,
    "title": "updated title",
    "body": "updated body",
    "userId": 1
}
HTTP/1.1 200 OK
Date: Sat, 28 Feb 2026 19:32:20 GMT
Content-Type: application/json; charset=utf-8
Transfer-Encoding: chunked
Connection: keep-alive
access-control-allow-credentials: true
Cache-Control: no-cache
etag: W/"52-0I7uxqYXL4aP1JJOrUCQMsAEdy8"
expires: -1
nel: {"report_to":"heroku-nel","response_headers":["Via"],"max_age":3600,"success_fraction":0.01,"failure_fraction":0.1}
pragma: no-cache
report-to: {"group":"heroku-nel","endpoints":[{"url":"https://nel.heroku.com/reports?s=E%2FRRvtgnA48yHgV4kkwPXrGx8%2FkMj33ePqCbeolKdd4%3D\u0026sid=e11707d5-02a7-43ef-b45e-2cf4d2036f7d\u0026ts=1772307140"}],"max_age":3600}
reporting-endpoints: heroku-nel="https://nel.heroku.com/reports?s=E%2FRRvtgnA48yHgV4kkwPXrGx8%2FkMj33ePqCbeolKdd4%3D&sid=e11707d5-02a7-43ef-b45e-2cf4d2036f7d&ts=1772307140"
Server: cloudflare
vary: Origin, Accept-Encoding
via: 2.0 heroku-router
x-content-type-options: nosniff
x-powered-by: Express
x-ratelimit-limit: 1000
x-ratelimit-remaining: 987
x-ratelimit-reset: 1772307185
cf-cache-status: DYNAMIC
Content-Encoding: gzip
CF-RAY: 9d5258ed9ec9f650-LHR
alt-svc: h3=":443"; ma=86400

{
    "id": 1,
    "title": "updated title",
    "body": "updated body",
    "userId": 1
}
HTTP/1.1 200 OK
Date: Sat, 28 Feb 2026 19:32:20 GMT
Content-Type: application/json; charset=utf-8
Transfer-Encoding: chunked
Connection: keep-alive
access-control-allow-credentials: true
Cache-Control: no-cache
etag: W/"52-0I7uxqYXL4aP1JJOrUCQMsAEdy8"
expires: -1
nel: {"report_to":"heroku-nel","response_headers":["Via"],"max_age":3600,"success_fraction":0.01,"failure_fraction":0.1}
pragma: no-cache
report-to: {"group":"heroku-nel","endpoints":[{"url":"https://nel.heroku.com/reports?s=E%2FRRvtgnA48yHgV4kkwPXrGx8%2FkMj33ePqCbeolKdd4%3D\u0026sid=e11707d5-02a7-43ef-b45e-2cf4d2036f7d\u0026ts=1772307140"}],"max_age":3600}
reporting-endpoints: heroku-nel="https://nel.heroku.com/reports?s=E%2FRRvtgnA48yHgV4kkwPXrGx8%2FkMj33ePqCbeolKdd4%3D&sid=e11707d5-02a7-43ef-b45e-2cf4d2036f7d&ts=1772307140"
Server: cloudflare
vary: Origin, Accept-Encoding
via: 2.0 heroku-router
x-content-type-options: nosniff
x-powered-by: Express
x-ratelimit-limit: 1000
x-ratelimit-remaining: 987
x-ratelimit-reset: 1772307185
cf-cache-status: DYNAMIC
Content-Encoding: gzip
CF-RAY: 9d5258ed9ec9f650-LHR
alt-svc: h3=":443"; ma=86400

{
    "id": 1,
    "title": "updated title",
    "body": "updated body",
    "userId": 1
}
HTTP/1.1 200 OK
Date: Sat, 28 Feb 2026 19:32:20 GMT
Content-Type: application/json; charset=utf-8
Transfer-Encoding: chunked
Connection: keep-alive
access-control-allow-credentials: true
Cache-Control: no-cache
etag: W/"52-0I7uxqYXL4aP1JJOrUCQMsAEdy8"
expires: -1
nel: {"report_to":"heroku-nel","response_headers":["Via"],"max_age":3600,"success_fraction":0.01,"failure_fraction":0.1}
pragma: no-cache
report-to: {"group":"heroku-nel","endpoints":[{"url":"https://nel.heroku.com/reports?s=E%2FRRvtgnA48yHgV4kkwPXrGx8%2FkMj33ePqCbeolKdd4%3D\u0026sid=e11707d5-02a7-43ef-b45e-2cf4d2036f7d\u0026ts=1772307140"}],"max_age":3600}
reporting-endpoints: heroku-nel="https://nel.heroku.com/reports?s=E%2FRRvtgnA48yHgV4kkwPXrGx8%2FkMj33ePqCbeolKdd4%3D&sid=e11707d5-02a7-43ef-b45e-2cf4d2036f7d&ts=1772307140"
Server: cloudflare
vary: Origin, Accept-Encoding
via: 2.0 heroku-router
x-content-type-options: nosniff
x-powered-by: Express
x-ratelimit-limit: 1000
x-ratelimit-remaining: 987
x-ratelimit-reset: 1772307185
cf-cache-status: DYNAMIC
Content-Encoding: gzip
CF-RAY: 9d5258ed9ec9f650-LHR
alt-svc: h3=":443"; ma=86400

{
    "id": 1,
    "title": "updated title",
    "body": "updated body",
    "userId": 1
}
HTTP/1.1 200 OK
Date: Sat, 28 Feb 2026 19:32:20 GMT
Content-Type: application/json; charset=utf-8
Transfer-Encoding: chunked
Connection: keep-alive
access-control-allow-credentials: true
Cache-Control: no-cache
etag: W/"52-0I7uxqYXL4aP1JJOrUCQMsAEdy8"
expires: -1
nel: {"report_to":"heroku-nel","response_headers":["Via"],"max_age":3600,"success_fraction":0.01,"failure_fraction":0.1}
pragma: no-cache
report-to: {"group":"heroku-nel","endpoints":[{"url":"https://nel.heroku.com/reports?s=E%2FRRvtgnA48yHgV4kkwPXrGx8%2FkMj33ePqCbeolKdd4%3D\u0026sid=e11707d5-02a7-43ef-b45e-2cf4d2036f7d\u0026ts=1772307140"}],"max_age":3600}
reporting-endpoints: heroku-nel="https://nel.heroku.com/reports?s=E%2FRRvtgnA48yHgV4kkwPXrGx8%2FkMj33ePqCbeolKdd4%3D&sid=e11707d5-02a7-43ef-b45e-2cf4d2036f7d&ts=1772307140"
Server: cloudflare
vary: Origin, Accept-Encoding
via: 2.0 heroku-router
x-content-type-options: nosniff
x-powered-by: Express
x-ratelimit-limit: 1000
x-ratelimit-remaining: 987
x-ratelimit-reset: 1772307185
cf-cache-status: DYNAMIC
Content-Encoding: gzip
CF-RAY: 9d5258ed9ec9f650-LHR
alt-svc: h3=":443"; ma=86400

{
    "id": 1,
    "title": "updated title",
    "body": "updated body",
    "userId": 1
}
HTTP/1.1 200 OK
Date: Sat, 28 Feb 2026 19:32:20 GMT
Content-Type: application/json; charset=utf-8
Transfer-Encoding: chunked
Connection: keep-alive
access-control-allow-credentials: true
Cache-Control: no-cache
etag: W/"52-0I7uxqYXL4aP1JJOrUCQMsAEdy8"
expires: -1
nel: {"report_to":"heroku-nel","response_headers":["Via"],"max_age":3600,"success_fraction":0.01,"failure_fraction":0.1}
pragma: no-cache
report-to: {"group":"heroku-nel","endpoints":[{"url":"https://nel.heroku.com/reports?s=E%2FRRvtgnA48yHgV4kkwPXrGx8%2FkMj33ePqCbeolKdd4%3D\u0026sid=e11707d5-02a7-43ef-b45e-2cf4d2036f7d\u0026ts=1772307140"}],"max_age":3600}
reporting-endpoints: heroku-nel="https://nel.heroku.com/reports?s=E%2FRRvtgnA48yHgV4kkwPXrGx8%2FkMj33ePqCbeolKdd4%3D&sid=e11707d5-02a7-43ef-b45e-2cf4d2036f7d&ts=1772307140"
Server: cloudflare
vary: Origin, Accept-Encoding
via: 2.0 heroku-router
x-content-type-options: nosniff
x-powered-by: Express
x-ratelimit-limit: 1000
x-ratelimit-remaining: 987
x-ratelimit-reset: 1772307185
cf-cache-status: DYNAMIC
Content-Encoding: gzip
CF-RAY: 9d5258ed9ec9f650-LHR
alt-svc: h3=":443"; ma=86400

{
    "id": 1,
    "title": "updated title",
    "body": "updated body",
    "userId": 1
}
HTTP/1.1 200 OK
Date: Sat, 28 Feb 2026 19:32:20 GMT
Content-Type: application/json; charset=utf-8
Transfer-Encoding: chunked
Connection: keep-alive
access-control-allow-credentials: true
Cache-Control: no-cache
etag: W/"52-0I7uxqYXL4aP1JJOrUCQMsAEdy8"
expires: -1
nel: {"report_to":"heroku-nel","response_headers":["Via"],"max_age":3600,"success_fraction":0.01,"failure_fraction":0.1}
pragma: no-cache
report-to: {"group":"heroku-nel","endpoints":[{"url":"https://nel.heroku.com/reports?s=E%2FRRvtgnA48yHgV4kkwPXrGx8%2FkMj33ePqCbeolKdd4%3D\u0026sid=e11707d5-02a7-43ef-b45e-2cf4d2036f7d\u0026ts=1772307140"}],"max_age":3600}
reporting-endpoints: heroku-nel="https://nel.heroku.com/reports?s=E%2FRRvtgnA48yHgV4kkwPXrGx8%2FkMj33ePqCbeolKdd4%3D&sid=e11707d5-02a7-43ef-b45e-2cf4d2036f7d&ts=1772307140"
Server: cloudflare
vary: Origin, Accept-Encoding
via: 2.0 heroku-router
x-content-type-options: nosniff
x-powered-by: Express
x-ratelimit-limit: 1000
x-ratelimit-remaining: 987
x-ratelimit-reset: 1772307185
cf-cache-status: DYNAMIC
Content-Encoding: gzip
CF-RAY: 9d5258ed9ec9f650-LHR
alt-svc: h3=":443"; ma=86400

{
    "id": 1,
    "title": "updated title",
    "body": "updated body",
    "userId": 1
}
HTTP/1.1 200 OK
Date: Sat, 28 Feb 2026 19:32:20 GMT
Content-Type: application/json; charset=utf-8
Transfer-Encoding: chunked
Connection: keep-alive
access-control-allow-credentials: true
Cache-Control: no-cache
etag: W/"52-0I7uxqYXL4aP1JJOrUCQMsAEdy8"
expires: -1
nel: {"report_to":"heroku-nel","response_headers":["Via"],"max_age":3600,"success_fraction":0.01,"failure_fraction":0.1}
pragma: no-cache
report-to: {"group":"heroku-nel","endpoints":[{"url":"https://nel.heroku.com/reports?s=E%2FRRvtgnA48yHgV4kkwPXrGx8%2FkMj33ePqCbeolKdd4%3D\u0026sid=e11707d5-02a7-43ef-b45e-2cf4d2036f7d\u0026ts=1772307140"}],"max_age":3600}
reporting-endpoints: heroku-nel="https://nel.heroku.com/reports?s=E%2FRRvtgnA48yHgV4kkwPXrGx8%2FkMj33ePqCbeolKdd4%3D&sid=e11707d5-02a7-43ef-b45e-2cf4d2036f7d&ts=1772307140"
Server: cloudflare
vary: Origin, Accept-Encoding
via: 2.0 heroku-router
x-content-type-options: nosniff
x-powered-by: Express
x-ratelimit-limit: 1000
x-ratelimit-remaining: 987
x-ratelimit-reset: 1772307185
cf-cache-status: DYNAMIC
Content-Encoding: gzip
CF-RAY: 9d5258ed9ec9f650-LHR
alt-svc: h3=":443"; ma=86400

{
    "id": 1,
    "title": "updated title",
    "body": "updated body",
    "userId": 1
}
HTTP/1.1 200 OK
Date: Sat, 28 Feb 2026 19:32:20 GMT
Content-Type: application/json; charset=utf-8
Transfer-Encoding: chunked
Connection: keep-alive
access-control-allow-credentials: true
Cache-Control: no-cache
etag: W/"52-0I7uxqYXL4aP1JJOrUCQMsAEdy8"
expires: -1
nel: {"report_to":"heroku-nel","response_headers":["Via"],"max_age":3600,"success_fraction":0.01,"failure_fraction":0.1}
pragma: no-cache
report-to: {"group":"heroku-nel","endpoints":[{"url":"https://nel.heroku.com/reports?s=E%2FRRvtgnA48yHgV4kkwPXrGx8%2FkMj33ePqCbeolKdd4%3D\u0026sid=e11707d5-02a7-43ef-b45e-2cf4d2036f7d\u0026ts=1772307140"}],"max_age":3600}
reporting-endpoints: heroku-nel="https://nel.heroku.com/reports?s=E%2FRRvtgnA48yHgV4kkwPXrGx8%2FkMj33ePqCbeolKdd4%3D&sid=e11707d5-02a7-43ef-b45e-2cf4d2036f7d&ts=1772307140"
Server: cloudflare
vary: Origin, Accept-Encoding
via: 2.0 heroku-router
x-content-type-options: nosniff
x-powered-by: Express
x-ratelimit-limit: 1000
x-ratelimit-remaining: 987
x-ratelimit-reset: 1772307185
cf-cache-status: DYNAMIC
Content-Encoding: gzip
CF-RAY: 9d5258ed9ec9f650-LHR
alt-svc: h3=":443"; ma=86400

{
    "id": 1,
    "title": "updated title",
    "body": "updated body",
    "userId": 1
}
HTTP/1.1 200 OK
Date: Sat, 28 Feb 2026 19:32:20 GMT
Content-Type: application/json; charset=utf-8
Transfer-Encoding: chunked
Connection: keep-alive
access-control-allow-credentials: true
Cache-Control: no-cache
etag: W/"52-0I7uxqYXL4aP1JJOrUCQMsAEdy8"
expires: -1
nel: {"report_to":"heroku-nel","response_headers":["Via"],"max_age":3600,"success_fraction":0.01,"failure_fraction":0.1}
pragma: no-cache
report-to: {"group":"heroku-nel","endpoints":[{"url":"https://nel.heroku.com/reports?s=E%2FRRvtgnA48yHgV4kkwPXrGx8%2FkMj33ePqCbeolKdd4%3D\u0026sid=e11707d5-02a7-43ef-b45e-2cf4d2036f7d\u0026ts=1772307140"}],"max_age":3600}
reporting-endpoints: heroku-nel="https://nel.heroku.com/reports?s=E%2FRRvtgnA48yHgV4kkwPXrGx8%2FkMj33ePqCbeolKdd4%3D&sid=e11707d5-02a7-43ef-b45e-2cf4d2036f7d&ts=1772307140"
Server: cloudflare
vary: Origin, Accept-Encoding
via: 2.0 heroku-router
x-content-type-options: nosniff
x-powered-by: Express
x-ratelimit-limit: 1000
x-ratelimit-remaining: 987
x-ratelimit-reset: 1772307185
cf-cache-status: DYNAMIC
Content-Encoding: gzip
CF-RAY: 9d5258ed9ec9f650-LHR
alt-svc: h3=":443"; ma=86400

{
    "id": 1,
    "title": "updated title",
    "body": "updated body",
    "userId": 1
}
HTTP/1.1 200 OK
Date: Sat, 28 Feb 2026 19:32:20 GMT
Content-Type: application/json; charset=utf-8
Transfer-Encoding: chunked
Connection: keep-alive
access-control-allow-credentials: true
Cache-Control: no-cache
etag: W/"52-0I7uxqYXL4aP1JJOrUCQMsAEdy8"
expires: -1
nel: {"report_to":"heroku-nel","response_headers":["Via"],"max_age":3600,"success_fraction":0.01,"failure_fraction":0.1}
pragma: no-cache
report-to: {"group":"heroku-nel","endpoints":[{"url":"https://nel.heroku.com/reports?s=E%2FRRvtgnA48yHgV4kkwPXrGx8%2FkMj33ePqCbeolKdd4%3D\u0026sid=e11707d5-02a7-43ef-b45e-2cf4d2036f7d\u0026ts=1772307140"}],"max_age":3600}
reporting-endpoints: heroku-nel="https://nel.heroku.com/reports?s=E%2FRRvtgnA48yHgV4kkwPXrGx8%2FkMj33ePqCbeolKdd4%3D&sid=e11707d5-02a7-43ef-b45e-2cf4d2036f7d&ts=1772307140"
Server: cloudflare
vary: Origin, Accept-Encoding
via: 2.0 heroku-router
x-content-type-options: nosniff
x-powered-by: Express
x-ratelimit-limit: 1000
x-ratelimit-remaining: 987
x-ratelimit-reset: 1772307185
cf-cache-status: DYNAMIC
Content-Encoding: gzip
CF-RAY: 9d5258ed9ec9f650-LHR
alt-svc: h3=":443"; ma=86400

{
    "id": 1,
    "title": "updated title",
    "body": "updated body",
    "userId": 1
}
HTTP/1.1 200 OK
Date: Sat, 28 Feb 2026 19:32:20 GMT
Content-Type: application/json; charset=utf-8
Transfer-Encoding: chunked
Connection: keep-alive
access-control-allow-credentials: true
Cache-Control: no-cache
etag: W/"52-0I7uxqYXL4aP1JJOrUCQMsAEdy8"
expires: -1
nel: {"report_to":"heroku-nel","response_headers":["Via"],"max_age":3600,"success_fraction":0.01,"failure_fraction":0.1}
pragma: no-cache
report-to: {"group":"heroku-nel","endpoints":[{"url":"https://nel.heroku.com/reports?s=E%2FRRvtgnA48yHgV4kkwPXrGx8%2FkMj33ePqCbeolKdd4%3D\u0026sid=e11707d5-02a7-43ef-b45e-2cf4d2036f7d\u0026ts=1772307140"}],"max_age":3600}
reporting-endpoints: heroku-nel="https://nel.heroku.com/reports?s=E%2FRRvtgnA48yHgV4kkwPXrGx8%2FkMj33ePqCbeolKdd4%3D&sid=e11707d5-02a7-43ef-b45e-2cf4d2036f7d&ts=1772307140"
Server: cloudflare
vary: Origin, Accept-Encoding
via: 2.0 heroku-router
x-content-type-options: nosniff
x-powered-by: Express
x-ratelimit-limit: 1000
x-ratelimit-remaining: 987
x-ratelimit-reset: 1772307185
cf-cache-status: DYNAMIC
Content-Encoding: gzip
CF-RAY: 9d5258ed9ec9f650-LHR
alt-svc: h3=":443"; ma=86400

{
    "id": 1,
    "title": "updated title",
    "body": "updated body",
    "userId": 1
}
HTTP/1.1 200 OK
Date: Sat, 28 Feb 2026 19:32:20 GMT
Content-Type: application/json; charset=utf-8
Transfer-Encoding: chunked
Connection: keep-alive
access-control-allow-credentials: true
Cache-Control: no-cache
etag: W/"52-0I7uxqYXL4aP1JJOrUCQMsAEdy8"
expires: -1
nel: {"report_to":"heroku-nel","response_headers":["Via"],"max_age":3600,"success_fraction":0.01,"failure_fraction":0.1}
pragma: no-cache
report-to: {"group":"heroku-nel","endpoints":[{"url":"https://nel.heroku.com/reports?s=E%2FRRvtgnA48yHgV4kkwPXrGx8%2FkMj33ePqCbeolKdd4%3D\u0026sid=e11707d5-02a7-43ef-b45e-2cf4d2036f7d\u0026ts=1772307140"}],"max_age":3600}
reporting-endpoints: heroku-nel="https://nel.heroku.com/reports?s=E%2FRRvtgnA48yHgV4kkwPXrGx8%2FkMj33ePqCbeolKdd4%3D&sid=e11707d5-02a7-43ef-b45e-2cf4d2036f7d&ts=1772307140"
Server: cloudflare
vary: Origin, Accept-Encoding
via: 2.0 heroku-router
x-content-type-options: nosniff
x-powered-by: Express
x-ratelimit-limit: 1000
x-ratelimit-remaining: 987
x-ratelimit-reset: 1772307185
cf-cache-status: DYNAMIC
Content-Encoding: gzip
CF-RAY: 9d5258ed9ec9f650-LHR
alt-svc: h3=":443"; ma=86400

{
    "id": 1,
    "title": "updated title",
    "body": "updated body",
    "userId": 1
}
HTTP/1.1 200 OK
Date: Sat, 28 Feb 2026 19:32:20 GMT
Content-Type: application/json; charset=utf-8
Transfer-Encoding: chunked
Connection: keep-alive
access-control-allow-credentials: true
Cache-Control: no-cache
etag: W/"52-0I7uxqYXL4aP1JJOrUCQMsAEdy8"
expires: -1
nel: {"report_to":"heroku-nel","response_headers":["Via"],"max_age":3600,"success_fraction":0.01,"failure_fraction":0.1}
pragma: no-cache
report-to: {"group":"heroku-nel","endpoints":[{"url":"https://nel.heroku.com/reports?s=E%2FRRvtgnA48yHgV4kkwPXrGx8%2FkMj33ePqCbeolKdd4%3D\u0026sid=e11707d5-02a7-43ef-b45e-2cf4d2036f7d\u0026ts=1772307140"}],"max_age":3600}
reporting-endpoints: heroku-nel="https://nel.heroku.com/reports?s=E%2FRRvtgnA48yHgV4kkwPXrGx8%2FkMj33ePqCbeolKdd4%3D&sid=e11707d5-02a7-43ef-b45e-2cf4d2036f7d&ts=1772307140"
Server: cloudflare
vary: Origin, Accept-Encoding
via: 2.0 heroku-router
x-content-type-options: nosniff
x-powered-by: Express
x-ratelimit-limit: 1000
x-ratelimit-remaining: 987
x-ratelimit-reset: 1772307185
cf-cache-status: DYNAMIC
Content-Encoding: gzip
CF-RAY: 9d5258ed9ec9f650-LHR
alt-svc: h3=":443"; ma=86400

{
    "id": 1,
    "title": "updated title",
    "body": "updated body",
    "userId": 1
}
HTTP/1.1 200 OK
Date: Sat, 28 Feb 2026 19:32:20 GMT
Content-Type: application/json; charset=utf-8
Transfer-Encoding: chunked
Connection: keep-alive
access-control-allow-credentials: true
Cache-Control: no-cache
etag: W/"52-0I7uxqYXL4aP1JJOrUCQMsAEdy8"
expires: -1
nel: {"report_to":"heroku-nel","response_headers":["Via"],"max_age":3600,"success_fraction":0.01,"failure_fraction":0.1}
pragma: no-cache
report-to: {"group":"heroku-nel","endpoints":[{"url":"https://nel.heroku.com/reports?s=E%2FRRvtgnA48yHgV4kkwPXrGx8%2FkMj33ePqCbeolKdd4%3D\u0026sid=e11707d5-02a7-43ef-b45e-2cf4d2036f7d\u0026ts=1772307140"}],"max_age":3600}
reporting-endpoints: heroku-nel="https://nel.heroku.com/reports?s=E%2FRRvtgnA48yHgV4kkwPXrGx8%2FkMj33ePqCbeolKdd4%3D&sid=e11707d5-02a7-43ef-b45e-2cf4d2036f7d&ts=1772307140"
Server: cloudflare
vary: Origin, Accept-Encoding
via: 2.0 heroku-router
x-content-type-options: nosniff
x-powered-by: Express
x-ratelimit-limit: 1000
x-ratelimit-remaining: 987
x-ratelimit-reset: 1772307185
cf-cache-status: DYNAMIC
Content-Encoding: gzip
CF-RAY: 9d5258ed9ec9f650-LHR
alt-svc: h3=":443"; ma=86400

{
    "id": 1,
    "title": "updated title",
    "body": "updated body",
    "userId": 1
}
]]></system-out>
  </testcase>
</testsuite>